Using pre-set license
Built from '2020.2/release' branch; Version is '2020.2.0f1 (3721df5a8b28) revision 3613151'; Using compiler version '192528614'; Build Type 'Release'
OS: 'Windows 10  (10.0.0) 64bit' Language: 'en' Physical Memory: 16303 MB
BatchMode: 1, IsHumanControllingUs: 0, StartBugReporterOnCrash: 0, Is64bit: 1, IsPro: 0

 COMMAND LINE ARGUMENTS:
C:\Program Files\Unity\Hub\Editor\2020.2.0f1\Editor\Unity.exe
-adb2
-batchMode
-noUpm
-name
AssetImportWorker0
-projectPath
D:/UnityProjects/OrigamiFortuneTeller/Origami-Fortune-Teller
-logFile
Logs/AssetImportWorker0.log
-srvPort
55239
Successfully changed project path to: D:/UnityProjects/OrigamiFortuneTeller/Origami-Fortune-Teller
D:/UnityProjects/OrigamiFortuneTeller/Origami-Fortune-Teller
Using Asset Import Pipeline V2.
Refreshing native plugins compatible for Editor in 119.79 ms, found 2 plugins.
Preloading 0 native plugins for Editor in 0.00 ms.
Initialize engine version: 2020.2.0f1 (3721df5a8b28)
[Subsystems] Discovering subsystems at path C:/Program Files/Unity/Hub/Editor/2020.2.0f1/Editor/Data/Resources/UnitySubsystems
[Subsystems] Discovering subsystems at path D:/UnityProjects/OrigamiFortuneTeller/Origami-Fortune-Teller/Assets
GfxDevice: creating device client; threaded=0
Direct3D:
    Version:  Direct3D 11.0 [level 11.0]
    Renderer: NVIDIA GeForce GTX 860M (ID=0x1392)
    Vendor:   
    VRAM:     2010 MB
    Driver:   27.21.14.6677
Shader 'Universal Render Pipeline/Particles/Lit': fallback shader 'Universal Render Pipeline/Particles/SimpleLit' not found
Initialize mono
Mono path[0] = 'C:/Program Files/Unity/Hub/Editor/2020.2.0f1/Editor/Data/Managed'
Mono path[1] = 'C:/Program Files/Unity/Hub/Editor/2020.2.0f1/Editor/Data/MonoBleedingEdge/lib/mono/unityjit'
Mono config path = 'C:/Program Files/Unity/Hub/Editor/2020.2.0f1/Editor/Data/MonoBleedingEdge/etc'
Using monoOptions --debugger-agent=transport=dt_socket,embedding=1,server=y,suspend=n,address=127.0.0.1:56076
Begin MonoManager ReloadAssembly
Registering precompiled unity dll's ...
Register platform support module: C:/Program Files/Unity/Hub/Editor/2020.2.0f1/Editor/Data/PlaybackEngines/WebGLSupport/UnityEditor.WebGL.Extensions.dll
Register platform support module: C:/Program Files/Unity/Hub/Editor/2020.2.0f1/Editor/Data/PlaybackEngines/WindowsStandaloneSupport/UnityEditor.WindowsStandalone.Extensions.dll
Registered in 0.004903 seconds.
Native extension for WindowsStandalone target not found
Native extension for WebGL target not found
Refreshing native plugins compatible for Editor in 92.28 ms, found 2 plugins.
Preloading 0 native plugins for Editor in 0.00 ms.
Invoked RoslynAnalysisRunner static constructor.
RoslynAnalysisRunner will not be running.
RoslynAnalysisRunner has terminated.
Mono: successfully reloaded assembly
- Completed reload, in  3.456 seconds
Platform modules already initialized, skipping
Registering precompiled user dll's ...
Registered in 0.007558 seconds.
Begin MonoManager ReloadAssembly
Native extension for WindowsStandalone target not found
Native extension for WebGL target not found
Refreshing native plugins compatible for Editor in 94.92 ms, found 2 plugins.
Preloading 0 native plugins for Editor in 0.00 ms.
Invoked RoslynAnalysisRunner static constructor.
RoslynAnalysisRunner will not be running.
RoslynAnalysisRunner has terminated.
Mono: successfully reloaded assembly
- Completed reload, in  1.793 seconds
Platform modules already initialized, skipping
========================================================================
Worker process is ready to serve import requests
Shader 'Universal Render Pipeline/Particles/Lit': fallback shader 'Universal Render Pipeline/Particles/SimpleLit' not found
Launched and connected shader compiler UnityShaderCompiler.exe after 0.03 seconds
Refreshing native plugins compatible for Editor in 1.19 ms, found 2 plugins.
Preloading 0 native plugins for Editor in 0.00 ms.
Unloading 3750 Unused Serialized files (Serialized files now loaded: 0)
System memory in use before: 165.3 MB.
System memory in use after: 165.5 MB.

Unloading 53 unused Assets to reduce memory usage. Loaded Objects now: 4202.
Total: 7.552000 ms (FindLiveObjects: 0.753300 ms CreateObjectMapping: 0.577700 ms MarkObjects: 6.096400 ms  DeleteObjects: 0.123000 ms)

========================================================================
Received Import Request.
  path: Assets/Scenes/Main.unity
  artifactKey: Guid(3051d0bb43cbf574a845e91a096e677d) Importer(815301076,1909f56bfc062723c751e8b465ee728b)
Start importing Assets/Scenes/Main.unity using Guid(3051d0bb43cbf574a845e91a096e677d) Importer(815301076,1909f56bfc062723c751e8b465ee728b)  -> (artifact id: '96f415a61543f98e3508b6bf081a66e8') in 0.026041 seconds
  Import took 0.035043 seconds .

========================================================================
Received Prepare
Registering precompiled user dll's ...
Registered in 0.012914 seconds.
Begin MonoManager ReloadAssembly
Native extension for WindowsStandalone target not found
Native extension for WebGL target not found
Refreshing native plugins compatible for Editor in 1.36 ms, found 2 plugins.
Preloading 0 native plugins for Editor in 0.00 ms.
Invoked RoslynAnalysisRunner static constructor.
RoslynAnalysisRunner will not be running.
RoslynAnalysisRunner has terminated.
Mono: successfully reloaded assembly
- Completed reload, in  2.189 seconds
Platform modules already initialized, skipping
Shader 'Universal Render Pipeline/Particles/Lit': fallback shader 'Universal Render Pipeline/Particles/SimpleLit' not found
Refreshing native plugins compatible for Editor in 3.30 ms, found 2 plugins.
Preloading 0 native plugins for Editor in 0.00 ms.
Unloading 3581 Unused Serialized files (Serialized files now loaded: 0)
System memory in use before: 158.1 MB.
System memory in use after: 158.3 MB.

Unloading 48 unused Assets to reduce memory usage. Loaded Objects now: 4204.
Total: 25.447500 ms (FindLiveObjects: 1.410400 ms CreateObjectMapping: 1.361200 ms MarkObjects: 22.420500 ms  DeleteObjects: 0.251800 ms)

========================================================================
Received Import Request.
  Time since last request: 404.219669 seconds.
  path: Assets/Scripts/ChangeMesh.cs
  artifactKey: Guid(075b4e5b499ab8e4ba51c93e170dba39) Importer(815301076,1909f56bfc062723c751e8b465ee728b)
Start importing Assets/Scripts/ChangeMesh.cs using Guid(075b4e5b499ab8e4ba51c93e170dba39) Importer(815301076,1909f56bfc062723c751e8b465ee728b)  -> (artifact id: '8a9c8f94b57ae74a73ed222732e5cdb6') in 0.117481 seconds
  Import took 0.132054 seconds .

========================================================================
Received Import Request.
  Time since last request: 671.193207 seconds.
  path: Assets/Scenes/Main.unity
  artifactKey: Guid(3051d0bb43cbf574a845e91a096e677d) Importer(815301076,1909f56bfc062723c751e8b465ee728b)
Start importing Assets/Scenes/Main.unity using Guid(3051d0bb43cbf574a845e91a096e677d) Importer(815301076,1909f56bfc062723c751e8b465ee728b)  -> (artifact id: '1bd345424748019db9ff95f2a91977af') in 0.017144 seconds
  Import took 0.025683 seconds .

========================================================================
Received Prepare
Registering precompiled user dll's ...
Registered in 0.007540 seconds.
Begin MonoManager ReloadAssembly
Native extension for WindowsStandalone target not found
Native extension for WebGL target not found
Refreshing native plugins compatible for Editor in 1.27 ms, found 2 plugins.
Preloading 0 native plugins for Editor in 0.00 ms.
Invoked RoslynAnalysisRunner static constructor.
RoslynAnalysisRunner will not be running.
RoslynAnalysisRunner has terminated.
Mono: successfully reloaded assembly
- Completed reload, in  1.654 seconds
Platform modules already initialized, skipping
Shader 'Universal Render Pipeline/Particles/Lit': fallback shader 'Universal Render Pipeline/Particles/SimpleLit' not found
Refreshing native plugins compatible for Editor in 1.42 ms, found 2 plugins.
Preloading 0 native plugins for Editor in 0.00 ms.
Unloading 3582 Unused Serialized files (Serialized files now loaded: 0)
System memory in use before: 158.2 MB.
System memory in use after: 158.4 MB.

Unloading 48 unused Assets to reduce memory usage. Loaded Objects now: 4206.
Total: 16.316600 ms (FindLiveObjects: 2.739700 ms CreateObjectMapping: 0.779700 ms MarkObjects: 11.777800 ms  DeleteObjects: 1.013300 ms)

========================================================================
Received Prepare
Registering precompiled user dll's ...
Registered in 0.008756 seconds.
Begin MonoManager ReloadAssembly
Native extension for WindowsStandalone target not found
Native extension for WebGL target not found
Refreshing native plugins compatible for Editor in 1.35 ms, found 2 plugins.
Preloading 0 native plugins for Editor in 0.00 ms.
Invoked RoslynAnalysisRunner static constructor.
RoslynAnalysisRunner will not be running.
RoslynAnalysisRunner has terminated.
Mono: successfully reloaded assembly
- Completed reload, in  2.112 seconds
Platform modules already initialized, skipping
Shader 'Universal Render Pipeline/Particles/Lit': fallback shader 'Universal Render Pipeline/Particles/SimpleLit' not found
Refreshing native plugins compatible for Editor in 1.16 ms, found 2 plugins.
Preloading 0 native plugins for Editor in 0.00 ms.
Unloading 3582 Unused Serialized files (Serialized files now loaded: 0)
System memory in use before: 158.2 MB.
System memory in use after: 158.4 MB.

Unloading 48 unused Assets to reduce memory usage. Loaded Objects now: 4208.
Total: 6.865800 ms (FindLiveObjects: 0.422800 ms CreateObjectMapping: 0.237700 ms MarkObjects: 6.101400 ms  DeleteObjects: 0.102800 ms)

========================================================================
Received Prepare
Registering precompiled user dll's ...
Registered in 0.007221 seconds.
Begin MonoManager ReloadAssembly
Native extension for WindowsStandalone target not found
Native extension for WebGL target not found
Refreshing native plugins compatible for Editor in 1.30 ms, found 2 plugins.
Preloading 0 native plugins for Editor in 0.00 ms.
Invoked RoslynAnalysisRunner static constructor.
RoslynAnalysisRunner will not be running.
RoslynAnalysisRunner has terminated.
Mono: successfully reloaded assembly
- Completed reload, in  1.568 seconds
Platform modules already initialized, skipping
Shader 'Universal Render Pipeline/Particles/Lit': fallback shader 'Universal Render Pipeline/Particles/SimpleLit' not found
Refreshing native plugins compatible for Editor in 1.24 ms, found 2 plugins.
Preloading 0 native plugins for Editor in 0.00 ms.
Unloading 3582 Unused Serialized files (Serialized files now loaded: 0)
System memory in use before: 158.2 MB.
System memory in use after: 158.4 MB.

Unloading 48 unused Assets to reduce memory usage. Loaded Objects now: 4210.
Total: 7.534300 ms (FindLiveObjects: 0.780100 ms CreateObjectMapping: 0.377100 ms MarkObjects: 6.279000 ms  DeleteObjects: 0.096400 ms)

========================================================================
Received Prepare
Registering precompiled user dll's ...
Registered in 0.007080 seconds.
Begin MonoManager ReloadAssembly
Native extension for WindowsStandalone target not found
Native extension for WebGL target not found
Refreshing native plugins compatible for Editor in 1.15 ms, found 2 plugins.
Preloading 0 native plugins for Editor in 0.00 ms.
Invoked RoslynAnalysisRunner static constructor.
RoslynAnalysisRunner will not be running.
RoslynAnalysisRunner has terminated.
Mono: successfully reloaded assembly
- Completed reload, in  1.536 seconds
Platform modules already initialized, skipping
Shader 'Universal Render Pipeline/Particles/Lit': fallback shader 'Universal Render Pipeline/Particles/SimpleLit' not found
Refreshing native plugins compatible for Editor in 1.15 ms, found 2 plugins.
Preloading 0 native plugins for Editor in 0.00 ms.
Unloading 3582 Unused Serialized files (Serialized files now loaded: 0)
System memory in use before: 158.2 MB.
System memory in use after: 158.4 MB.

Unloading 48 unused Assets to reduce memory usage. Loaded Objects now: 4212.
Total: 7.911500 ms (FindLiveObjects: 0.567300 ms CreateObjectMapping: 0.463900 ms MarkObjects: 6.769000 ms  DeleteObjects: 0.109600 ms)

========================================================================
Received Prepare
Registering precompiled user dll's ...
Registered in 0.007098 seconds.
Begin MonoManager ReloadAssembly
Native extension for WindowsStandalone target not found
Native extension for WebGL target not found
Refreshing native plugins compatible for Editor in 1.24 ms, found 2 plugins.
Preloading 0 native plugins for Editor in 0.00 ms.
Invoked RoslynAnalysisRunner static constructor.
RoslynAnalysisRunner will not be running.
RoslynAnalysisRunner has terminated.
Mono: successfully reloaded assembly
- Completed reload, in  1.544 seconds
Platform modules already initialized, skipping
Shader 'Universal Render Pipeline/Particles/Lit': fallback shader 'Universal Render Pipeline/Particles/SimpleLit' not found
Refreshing native plugins compatible for Editor in 1.25 ms, found 2 plugins.
Preloading 0 native plugins for Editor in 0.00 ms.
Unloading 3582 Unused Serialized files (Serialized files now loaded: 0)
System memory in use before: 158.2 MB.
System memory in use after: 158.5 MB.

Unloading 48 unused Assets to reduce memory usage. Loaded Objects now: 4214.
Total: 7.367000 ms (FindLiveObjects: 0.584200 ms CreateObjectMapping: 0.500400 ms MarkObjects: 6.175200 ms  DeleteObjects: 0.105300 ms)

========================================================================
Received Prepare
Registering precompiled user dll's ...
Registered in 0.008572 seconds.
Begin MonoManager ReloadAssembly
Native extension for WindowsStandalone target not found
Native extension for WebGL target not found
Refreshing native plugins compatible for Editor in 1.18 ms, found 2 plugins.
Preloading 0 native plugins for Editor in 0.00 ms.
Invoked RoslynAnalysisRunner static constructor.
RoslynAnalysisRunner will not be running.
RoslynAnalysisRunner has terminated.
Mono: successfully reloaded assembly
- Completed reload, in  1.604 seconds
Platform modules already initialized, skipping
Shader 'Universal Render Pipeline/Particles/Lit': fallback shader 'Universal Render Pipeline/Particles/SimpleLit' not found
Refreshing native plugins compatible for Editor in 1.17 ms, found 2 plugins.
Preloading 0 native plugins for Editor in 0.00 ms.
Unloading 3582 Unused Serialized files (Serialized files now loaded: 0)
System memory in use before: 158.3 MB.
System memory in use after: 158.5 MB.

Unloading 48 unused Assets to reduce memory usage. Loaded Objects now: 4216.
Total: 7.368600 ms (FindLiveObjects: 0.641600 ms CreateObjectMapping: 0.543200 ms MarkObjects: 6.076500 ms  DeleteObjects: 0.105300 ms)

========================================================================
Received Import Request.
  Time since last request: 7180.085107 seconds.
  path: Assets/Scenes/Main.unity
  artifactKey: Guid(3051d0bb43cbf574a845e91a096e677d) Importer(815301076,1909f56bfc062723c751e8b465ee728b)
Start importing Assets/Scenes/Main.unity using Guid(3051d0bb43cbf574a845e91a096e677d) Importer(815301076,1909f56bfc062723c751e8b465ee728b)  -> (artifact id: '6ca98e1115390470c790763f05b83b8d') in 0.019607 seconds
  Import took 0.028122 seconds .

========================================================================
Received Prepare
Registering precompiled user dll's ...
Registered in 0.007066 seconds.
Begin MonoManager ReloadAssembly
Native extension for WindowsStandalone target not found
Native extension for WebGL target not found
Refreshing native plugins compatible for Editor in 1.16 ms, found 2 plugins.
Preloading 0 native plugins for Editor in 0.00 ms.
Invoked RoslynAnalysisRunner static constructor.
RoslynAnalysisRunner will not be running.
RoslynAnalysisRunner has terminated.
Mono: successfully reloaded assembly
- Completed reload, in  1.584 seconds
Platform modules already initialized, skipping
Shader 'Universal Render Pipeline/Particles/Lit': fallback shader 'Universal Render Pipeline/Particles/SimpleLit' not found
Refreshing native plugins compatible for Editor in 1.12 ms, found 2 plugins.
Preloading 0 native plugins for Editor in 0.00 ms.
Unloading 3582 Unused Serialized files (Serialized files now loaded: 0)
System memory in use before: 158.3 MB.
System memory in use after: 158.5 MB.

Unloading 48 unused Assets to reduce memory usage. Loaded Objects now: 4218.
Total: 6.927400 ms (FindLiveObjects: 0.422400 ms CreateObjectMapping: 0.235300 ms MarkObjects: 6.160700 ms  DeleteObjects: 0.107300 ms)

========================================================================
Received Prepare
Registering precompiled user dll's ...
Registered in 0.009686 seconds.
Begin MonoManager ReloadAssembly
Native extension for WindowsStandalone target not found
Native extension for WebGL target not found
Refreshing native plugins compatible for Editor in 1.49 ms, found 2 plugins.
Preloading 0 native plugins for Editor in 0.00 ms.
Invoked RoslynAnalysisRunner static constructor.
RoslynAnalysisRunner will not be running.
RoslynAnalysisRunner has terminated.
Mono: successfully reloaded assembly
- Completed reload, in  2.109 seconds
Platform modules already initialized, skipping
Shader 'Universal Render Pipeline/Particles/Lit': fallback shader 'Universal Render Pipeline/Particles/SimpleLit' not found
Refreshing native plugins compatible for Editor in 1.70 ms, found 2 plugins.
Preloading 0 native plugins for Editor in 0.00 ms.
Unloading 3582 Unused Serialized files (Serialized files now loaded: 0)
System memory in use before: 158.3 MB.
System memory in use after: 158.5 MB.

Unloading 48 unused Assets to reduce memory usage. Loaded Objects now: 4220.
Total: 8.029200 ms (FindLiveObjects: 0.439800 ms CreateObjectMapping: 0.249100 ms MarkObjects: 7.216800 ms  DeleteObjects: 0.121800 ms)

========================================================================
Received Prepare
Registering precompiled user dll's ...
Registered in 0.008063 seconds.
Begin MonoManager ReloadAssembly
Native extension for WindowsStandalone target not found
Native extension for WebGL target not found
Refreshing native plugins compatible for Editor in 1.17 ms, found 2 plugins.
Preloading 0 native plugins for Editor in 0.00 ms.
Invoked RoslynAnalysisRunner static constructor.
RoslynAnalysisRunner will not be running.
RoslynAnalysisRunner has terminated.
Mono: successfully reloaded assembly
- Completed reload, in  1.614 seconds
Platform modules already initialized, skipping
Shader 'Universal Render Pipeline/Particles/Lit': fallback shader 'Universal Render Pipeline/Particles/SimpleLit' not found
Refreshing native plugins compatible for Editor in 1.13 ms, found 2 plugins.
Preloading 0 native plugins for Editor in 0.00 ms.
Unloading 3582 Unused Serialized files (Serialized files now loaded: 0)
System memory in use before: 158.3 MB.
System memory in use after: 158.5 MB.

Unloading 48 unused Assets to reduce memory usage. Loaded Objects now: 4222.
Total: 8.024400 ms (FindLiveObjects: 0.567300 ms CreateObjectMapping: 0.464000 ms MarkObjects: 6.888500 ms  DeleteObjects: 0.103100 ms)

========================================================================
Received Prepare
Registering precompiled user dll's ...
Registered in 0.010679 seconds.
Begin MonoManager ReloadAssembly
Native extension for WindowsStandalone target not found
Native extension for WebGL target not found
Refreshing native plugins compatible for Editor in 1.28 ms, found 2 plugins.
Preloading 0 native plugins for Editor in 0.00 ms.
Invoked RoslynAnalysisRunner static constructor.
RoslynAnalysisRunner will not be running.
RoslynAnalysisRunner has terminated.
Mono: successfully reloaded assembly
- Completed reload, in  1.598 seconds
Platform modules already initialized, skipping
Shader 'Universal Render Pipeline/Particles/Lit': fallback shader 'Universal Render Pipeline/Particles/SimpleLit' not found
Refreshing native plugins compatible for Editor in 1.25 ms, found 2 plugins.
Preloading 0 native plugins for Editor in 0.00 ms.
Unloading 3582 Unused Serialized files (Serialized files now loaded: 0)
System memory in use before: 158.3 MB.
System memory in use after: 158.5 MB.

Unloading 48 unused Assets to reduce memory usage. Loaded Objects now: 4224.
Total: 6.528000 ms (FindLiveObjects: 0.490400 ms CreateObjectMapping: 0.260600 ms MarkObjects: 5.676600 ms  DeleteObjects: 0.099200 ms)

========================================================================
Received Prepare
Registering precompiled user dll's ...
Registered in 0.007104 seconds.
Begin MonoManager ReloadAssembly
Native extension for WindowsStandalone target not found
Native extension for WebGL target not found
Refreshing native plugins compatible for Editor in 1.36 ms, found 2 plugins.
Preloading 0 native plugins for Editor in 0.00 ms.
Invoked RoslynAnalysisRunner static constructor.
RoslynAnalysisRunner will not be running.
RoslynAnalysisRunner has terminated.
Mono: successfully reloaded assembly
- Completed reload, in  2.223 seconds
Platform modules already initialized, skipping
Shader 'Universal Render Pipeline/Particles/Lit': fallback shader 'Universal Render Pipeline/Particles/SimpleLit' not found
Refreshing native plugins compatible for Editor in 1.41 ms, found 2 plugins.
Preloading 0 native plugins for Editor in 0.00 ms.
Unloading 3582 Unused Serialized files (Serialized files now loaded: 0)
System memory in use before: 158.3 MB.
System memory in use after: 158.5 MB.

Unloading 48 unused Assets to reduce memory usage. Loaded Objects now: 4226.
Total: 9.107800 ms (FindLiveObjects: 0.452100 ms CreateObjectMapping: 0.241300 ms MarkObjects: 8.303000 ms  DeleteObjects: 0.109300 ms)

========================================================================
Received Prepare
Registering precompiled user dll's ...
Registered in 0.009661 seconds.
Begin MonoManager ReloadAssembly
Native extension for WindowsStandalone target not found
Native extension for WebGL target not found
Refreshing native plugins compatible for Editor in 1.43 ms, found 2 plugins.
Preloading 0 native plugins for Editor in 0.00 ms.
Invoked RoslynAnalysisRunner static constructor.
RoslynAnalysisRunner will not be running.
RoslynAnalysisRunner has terminated.
Mono: successfully reloaded assembly
- Completed reload, in  2.326 seconds
Platform modules already initialized, skipping
Shader 'Universal Render Pipeline/Particles/Lit': fallback shader 'Universal Render Pipeline/Particles/SimpleLit' not found
Refreshing native plugins compatible for Editor in 1.39 ms, found 2 plugins.
Preloading 0 native plugins for Editor in 0.00 ms.
Unloading 3582 Unused Serialized files (Serialized files now loaded: 0)
System memory in use before: 158.3 MB.
System memory in use after: 158.5 MB.

Unloading 48 unused Assets to reduce memory usage. Loaded Objects now: 4228.
Total: 8.368400 ms (FindLiveObjects: 0.422200 ms CreateObjectMapping: 0.259200 ms MarkObjects: 7.571200 ms  DeleteObjects: 0.114100 ms)

========================================================================
Received Prepare
Registering precompiled user dll's ...
Registered in 0.008018 seconds.
Begin MonoManager ReloadAssembly
Native extension for WindowsStandalone target not found
Native extension for WebGL target not found
Refreshing native plugins compatible for Editor in 1.78 ms, found 2 plugins.
Preloading 0 native plugins for Editor in 0.00 ms.
Invoked RoslynAnalysisRunner static constructor.
RoslynAnalysisRunner will not be running.
RoslynAnalysisRunner has terminated.
Mono: successfully reloaded assembly
- Completed reload, in  1.850 seconds
Platform modules already initialized, skipping
Shader 'Universal Render Pipeline/Particles/Lit': fallback shader 'Universal Render Pipeline/Particles/SimpleLit' not found
Refreshing native plugins compatible for Editor in 1.14 ms, found 2 plugins.
Preloading 0 native plugins for Editor in 0.00 ms.
Unloading 3582 Unused Serialized files (Serialized files now loaded: 0)
System memory in use before: 158.3 MB.
System memory in use after: 158.5 MB.

Unloading 48 unused Assets to reduce memory usage. Loaded Objects now: 4230.
Total: 8.635700 ms (FindLiveObjects: 1.026100 ms CreateObjectMapping: 0.550000 ms MarkObjects: 6.934500 ms  DeleteObjects: 0.123000 ms)

========================================================================
Received Import Request.
  Time since last request: 2802.996085 seconds.
  path: Assets/Scenes/Main.unity
  artifactKey: Guid(3051d0bb43cbf574a845e91a096e677d) Importer(815301076,1909f56bfc062723c751e8b465ee728b)
Start importing Assets/Scenes/Main.unity using Guid(3051d0bb43cbf574a845e91a096e677d) Importer(815301076,1909f56bfc062723c751e8b465ee728b)  -> (artifact id: 'f79883fbc177d4b748a7fb6d05b024d3') in 0.021626 seconds
  Import took 0.031140 seconds .

========================================================================
Received Import Request.
  Time since last request: 26.058160 seconds.
  path: Assets/Scenes/Design.unity
  artifactKey: Guid(7fcc502a0ec47b046bac47a8811c7e7f) Importer(815301076,1909f56bfc062723c751e8b465ee728b)
Start importing Assets/Scenes/Design.unity using Guid(7fcc502a0ec47b046bac47a8811c7e7f) Importer(815301076,1909f56bfc062723c751e8b465ee728b)  -> (artifact id: '89c01a37134f10a75d8903335809286e') in 0.011420 seconds
  Import took 0.019199 seconds .

========================================================================
Received Prepare
Registering precompiled user dll's ...
Registered in 0.007156 seconds.
Begin MonoManager ReloadAssembly
Native extension for WindowsStandalone target not found
Native extension for WebGL target not found
Refreshing native plugins compatible for Editor in 1.18 ms, found 2 plugins.
Preloading 0 native plugins for Editor in 0.00 ms.
Invoked RoslynAnalysisRunner static constructor.
RoslynAnalysisRunner will not be running.
RoslynAnalysisRunner has terminated.
Mono: successfully reloaded assembly
- Completed reload, in  1.730 seconds
Platform modules already initialized, skipping
Shader 'Universal Render Pipeline/Particles/Lit': fallback shader 'Universal Render Pipeline/Particles/SimpleLit' not found
Refreshing native plugins compatible for Editor in 1.89 ms, found 2 plugins.
Preloading 0 native plugins for Editor in 0.00 ms.
Unloading 3582 Unused Serialized files (Serialized files now loaded: 0)
System memory in use before: 158.3 MB.
System memory in use after: 158.5 MB.

Unloading 48 unused Assets to reduce memory usage. Loaded Objects now: 4232.
Total: 7.871100 ms (FindLiveObjects: 0.800700 ms CreateObjectMapping: 0.479900 ms MarkObjects: 6.476100 ms  DeleteObjects: 0.112200 ms)

========================================================================
Received Prepare
Registering precompiled user dll's ...
Registered in 0.009444 seconds.
Begin MonoManager ReloadAssembly
Native extension for WindowsStandalone target not found
Native extension for WebGL target not found
Refreshing native plugins compatible for Editor in 1.45 ms, found 2 plugins.
Preloading 0 native plugins for Editor in 0.00 ms.
Invoked RoslynAnalysisRunner static constructor.
RoslynAnalysisRunner will not be running.
RoslynAnalysisRunner has terminated.
Mono: successfully reloaded assembly
- Completed reload, in  2.173 seconds
Platform modules already initialized, skipping
Shader 'Universal Render Pipeline/Particles/Lit': fallback shader 'Universal Render Pipeline/Particles/SimpleLit' not found
Refreshing native plugins compatible for Editor in 1.33 ms, found 2 plugins.
Preloading 0 native plugins for Editor in 0.00 ms.
Unloading 3582 Unused Serialized files (Serialized files now loaded: 0)
System memory in use before: 158.3 MB.
System memory in use after: 158.5 MB.

Unloading 48 unused Assets to reduce memory usage. Loaded Objects now: 4234.
Total: 9.188300 ms (FindLiveObjects: 0.412500 ms CreateObjectMapping: 0.237800 ms MarkObjects: 8.420600 ms  DeleteObjects: 0.116100 ms)

========================================================================
Received Prepare
Registering precompiled user dll's ...
Registered in 0.007503 seconds.
Begin MonoManager ReloadAssembly
Native extension for WindowsStandalone target not found
Native extension for WebGL target not found
Refreshing native plugins compatible for Editor in 1.20 ms, found 2 plugins.
Preloading 0 native plugins for Editor in 0.00 ms.
Invoked RoslynAnalysisRunner static constructor.
RoslynAnalysisRunner will not be running.
RoslynAnalysisRunner has terminated.
Mono: successfully reloaded assembly
- Completed reload, in  1.702 seconds
Platform modules already initialized, skipping
Shader 'Universal Render Pipeline/Particles/Lit': fallback shader 'Universal Render Pipeline/Particles/SimpleLit' not found
Refreshing native plugins compatible for Editor in 1.15 ms, found 2 plugins.
Preloading 0 native plugins for Editor in 0.00 ms.
Unloading 3582 Unused Serialized files (Serialized files now loaded: 0)
System memory in use before: 158.3 MB.
System memory in use after: 158.5 MB.

Unloading 48 unused Assets to reduce memory usage. Loaded Objects now: 4236.
Total: 6.975000 ms (FindLiveObjects: 0.384700 ms CreateObjectMapping: 0.189700 ms MarkObjects: 6.304000 ms  DeleteObjects: 0.095100 ms)

========================================================================
Received Prepare
Registering precompiled user dll's ...
Registered in 0.008652 seconds.
Begin MonoManager ReloadAssembly
Native extension for WindowsStandalone target not found
Native extension for WebGL target not found
Refreshing native plugins compatible for Editor in 1.18 ms, found 2 plugins.
Preloading 0 native plugins for Editor in 0.00 ms.
Invoked RoslynAnalysisRunner static constructor.
RoslynAnalysisRunner will not be running.
RoslynAnalysisRunner has terminated.
Mono: successfully reloaded assembly
- Completed reload, in  1.909 seconds
Platform modules already initialized, skipping
Shader 'Universal Render Pipeline/Particles/Lit': fallback shader 'Universal Render Pipeline/Particles/SimpleLit' not found
Refreshing native plugins compatible for Editor in 1.45 ms, found 2 plugins.
Preloading 0 native plugins for Editor in 0.00 ms.
Unloading 3582 Unused Serialized files (Serialized files now loaded: 0)
System memory in use before: 158.3 MB.
System memory in use after: 158.6 MB.

Unloading 48 unused Assets to reduce memory usage. Loaded Objects now: 4238.
Total: 8.322000 ms (FindLiveObjects: 0.436400 ms CreateObjectMapping: 0.255600 ms MarkObjects: 7.512300 ms  DeleteObjects: 0.116000 ms)

========================================================================
Received Prepare
Registering precompiled user dll's ...
Registered in 0.007467 seconds.
Begin MonoManager ReloadAssembly
Native extension for WindowsStandalone target not found
Native extension for WebGL target not found
Refreshing native plugins compatible for Editor in 1.16 ms, found 2 plugins.
Preloading 0 native plugins for Editor in 0.00 ms.
Invoked RoslynAnalysisRunner static constructor.
RoslynAnalysisRunner will not be running.
RoslynAnalysisRunner has terminated.
Mono: successfully reloaded assembly
- Completed reload, in  1.756 seconds
Platform modules already initialized, skipping
Shader 'Universal Render Pipeline/Particles/Lit': fallback shader 'Universal Render Pipeline/Particles/SimpleLit' not found
Refreshing native plugins compatible for Editor in 1.21 ms, found 2 plugins.
Preloading 0 native plugins for Editor in 0.00 ms.
Unloading 3582 Unused Serialized files (Serialized files now loaded: 0)
System memory in use before: 158.4 MB.
System memory in use after: 158.6 MB.

Unloading 48 unused Assets to reduce memory usage. Loaded Objects now: 4240.
Total: 6.922000 ms (FindLiveObjects: 0.592700 ms CreateObjectMapping: 0.211200 ms MarkObjects: 6.017700 ms  DeleteObjects: 0.099200 ms)

========================================================================
Received Prepare
Registering precompiled user dll's ...
Registered in 0.009799 seconds.
Begin MonoManager ReloadAssembly
Native extension for WindowsStandalone target not found
Native extension for WebGL target not found
Refreshing native plugins compatible for Editor in 2.31 ms, found 2 plugins.
Preloading 0 native plugins for Editor in 0.00 ms.
Invoked RoslynAnalysisRunner static constructor.
RoslynAnalysisRunner will not be running.
RoslynAnalysisRunner has terminated.
Mono: successfully reloaded assembly
- Completed reload, in  2.480 seconds
Platform modules already initialized, skipping
Shader 'Universal Render Pipeline/Particles/Lit': fallback shader 'Universal Render Pipeline/Particles/SimpleLit' not found
Refreshing native plugins compatible for Editor in 1.39 ms, found 2 plugins.
Preloading 0 native plugins for Editor in 0.00 ms.
Unloading 3582 Unused Serialized files (Serialized files now loaded: 0)
System memory in use before: 158.4 MB.
System memory in use after: 158.6 MB.

Unloading 48 unused Assets to reduce memory usage. Loaded Objects now: 4242.
Total: 11.525900 ms (FindLiveObjects: 0.670000 ms CreateObjectMapping: 0.313800 ms MarkObjects: 10.408500 ms  DeleteObjects: 0.130500 ms)

========================================================================
Received Prepare
Registering precompiled user dll's ...
Registered in 0.007554 seconds.
Begin MonoManager ReloadAssembly
Native extension for WindowsStandalone target not found
Native extension for WebGL target not found
Refreshing native plugins compatible for Editor in 1.24 ms, found 2 plugins.
Preloading 0 native plugins for Editor in 0.00 ms.
Invoked RoslynAnalysisRunner static constructor.
RoslynAnalysisRunner will not be running.
RoslynAnalysisRunner has terminated.
Mono: successfully reloaded assembly
- Completed reload, in  1.733 seconds
Platform modules already initialized, skipping
Shader 'Universal Render Pipeline/Particles/Lit': fallback shader 'Universal Render Pipeline/Particles/SimpleLit' not found
Refreshing native plugins compatible for Editor in 1.29 ms, found 2 plugins.
Preloading 0 native plugins for Editor in 0.00 ms.
Unloading 3582 Unused Serialized files (Serialized files now loaded: 0)
System memory in use before: 158.4 MB.
System memory in use after: 158.6 MB.

Unloading 48 unused Assets to reduce memory usage. Loaded Objects now: 4244.
Total: 7.273900 ms (FindLiveObjects: 0.595200 ms CreateObjectMapping: 0.489100 ms MarkObjects: 6.089200 ms  DeleteObjects: 0.098900 ms)

========================================================================
Received Import Request.
  Time since last request: 3157.215811 seconds.
  path: Assets/Shaders/Origami Graph.shadergraph
  artifactKey: Guid(0eac43b9a9e806f4683dc05894279220) Importer(815301076,1909f56bfc062723c751e8b465ee728b)
Start importing Assets/Shaders/Origami Graph.shadergraph using Guid(0eac43b9a9e806f4683dc05894279220) Importer(815301076,1909f56bfc062723c751e8b465ee728b)  -> (artifact id: 'fef0fb7b49d9d96fa5de346bd18fe05c') in 0.036113 seconds
  Import took 0.045586 seconds .

========================================================================
Received Import Request.
  Time since last request: 0.227658 seconds.
  path: Assets/Shaders/Origami Graph.shadergraph
  artifactKey: Guid(0eac43b9a9e806f4683dc05894279220) Importer(815301076,1909f56bfc062723c751e8b465ee728b)
Start importing Assets/Shaders/Origami Graph.shadergraph using Guid(0eac43b9a9e806f4683dc05894279220) Importer(815301076,1909f56bfc062723c751e8b465ee728b)  -> (artifact id: 'fef0fb7b49d9d96fa5de346bd18fe05c') in 0.006444 seconds
  Import took 0.017793 seconds .

========================================================================
Received Prepare
Registering precompiled user dll's ...
Registered in 0.012645 seconds.
Begin MonoManager ReloadAssembly
Native extension for WindowsStandalone target not found
Native extension for WebGL target not found
Refreshing native plugins compatible for Editor in 1.64 ms, found 2 plugins.
Preloading 0 native plugins for Editor in 0.00 ms.
Invoked RoslynAnalysisRunner static constructor.
RoslynAnalysisRunner will not be running.
RoslynAnalysisRunner has terminated.
Mono: successfully reloaded assembly
- Completed reload, in  2.550 seconds
Platform modules already initialized, skipping
Shader 'Universal Render Pipeline/Particles/Lit': fallback shader 'Universal Render Pipeline/Particles/SimpleLit' not found
Refreshing native plugins compatible for Editor in 1.35 ms, found 2 plugins.
Preloading 0 native plugins for Editor in 0.00 ms.
Unloading 3582 Unused Serialized files (Serialized files now loaded: 0)
System memory in use before: 158.4 MB.
System memory in use after: 158.6 MB.

Unloading 48 unused Assets to reduce memory usage. Loaded Objects now: 4246.
Total: 9.756600 ms (FindLiveObjects: 0.956600 ms CreateObjectMapping: 0.564000 ms MarkObjects: 8.107700 ms  DeleteObjects: 0.126100 ms)

========================================================================
Received Import Request.
  Time since last request: 246.713533 seconds.
  path: Assets/Shaders/Origami Graph.shadergraph
  artifactKey: Guid(0eac43b9a9e806f4683dc05894279220) Importer(815301076,1909f56bfc062723c751e8b465ee728b)
Start importing Assets/Shaders/Origami Graph.shadergraph using Guid(0eac43b9a9e806f4683dc05894279220) Importer(815301076,1909f56bfc062723c751e8b465ee728b)  -> (artifact id: '3b012bd28455eff25c95b4326e8a2f97') in 0.028130 seconds
  Import took 0.038306 seconds .

========================================================================
Received Import Request.
  Time since last request: 4.296605 seconds.
  path: Assets/Shaders/Origami Graph.shadergraph
  artifactKey: Guid(0eac43b9a9e806f4683dc05894279220) Importer(815301076,1909f56bfc062723c751e8b465ee728b)
Start importing Assets/Shaders/Origami Graph.shadergraph using Guid(0eac43b9a9e806f4683dc05894279220) Importer(815301076,1909f56bfc062723c751e8b465ee728b)  -> (artifact id: '3b012bd28455eff25c95b4326e8a2f97') in 0.006908 seconds
  Import took 0.015637 seconds .

========================================================================
Received Prepare
Registering precompiled user dll's ...
Registered in 0.009835 seconds.
Begin MonoManager ReloadAssembly
Native extension for WindowsStandalone target not found
Native extension for WebGL target not found
Refreshing native plugins compatible for Editor in 1.57 ms, found 2 plugins.
Preloading 0 native plugins for Editor in 0.00 ms.
Invoked RoslynAnalysisRunner static constructor.
RoslynAnalysisRunner will not be running.
RoslynAnalysisRunner has terminated.
Mono: successfully reloaded assembly
- Completed reload, in  2.782 seconds
Platform modules already initialized, skipping
Shader 'Universal Render Pipeline/Particles/Lit': fallback shader 'Universal Render Pipeline/Particles/SimpleLit' not found
Refreshing native plugins compatible for Editor in 1.62 ms, found 2 plugins.
Preloading 0 native plugins for Editor in 0.00 ms.
Unloading 3582 Unused Serialized files (Serialized files now loaded: 0)
System memory in use before: 158.4 MB.
System memory in use after: 158.6 MB.

Unloading 48 unused Assets to reduce memory usage. Loaded Objects now: 4248.
Total: 12.628000 ms (FindLiveObjects: 0.991700 ms CreateObjectMapping: 0.555400 ms MarkObjects: 10.936500 ms  DeleteObjects: 0.141300 ms)

========================================================================
Received Prepare
Registering precompiled user dll's ...
Registered in 0.011627 seconds.
Begin MonoManager ReloadAssembly
Native extension for WindowsStandalone target not found
Native extension for WebGL target not found
Refreshing native plugins compatible for Editor in 1.39 ms, found 2 plugins.
Preloading 0 native plugins for Editor in 0.00 ms.
Invoked RoslynAnalysisRunner static constructor.
RoslynAnalysisRunner will not be running.
RoslynAnalysisRunner has terminated.
Mono: successfully reloaded assembly
- Completed reload, in  2.711 seconds
Platform modules already initialized, skipping
Shader 'Universal Render Pipeline/Particles/Lit': fallback shader 'Universal Render Pipeline/Particles/SimpleLit' not found
Refreshing native plugins compatible for Editor in 1.58 ms, found 2 plugins.
Preloading 0 native plugins for Editor in 0.00 ms.
Unloading 3582 Unused Serialized files (Serialized files now loaded: 0)
System memory in use before: 158.4 MB.
System memory in use after: 158.6 MB.

Unloading 48 unused Assets to reduce memory usage. Loaded Objects now: 4250.
Total: 9.112800 ms (FindLiveObjects: 0.885600 ms CreateObjectMapping: 0.532500 ms MarkObjects: 7.570200 ms  DeleteObjects: 0.122300 ms)

========================================================================
Received Import Request.
  Time since last request: 1080.271458 seconds.
  path: Assets/Scenes/Main.unity
  artifactKey: Guid(3051d0bb43cbf574a845e91a096e677d) Importer(815301076,1909f56bfc062723c751e8b465ee728b)
Start importing Assets/Scenes/Main.unity using Guid(3051d0bb43cbf574a845e91a096e677d) Importer(815301076,1909f56bfc062723c751e8b465ee728b)  -> (artifact id: '68b1946357117f53eac82faab3a71544') in 0.030697 seconds
  Import took 0.074248 seconds .

========================================================================
Received Import Request.
  Time since last request: 27.433439 seconds.
  path: Assets/Scenes/Load.unity
  artifactKey: Guid(2808a26cd7a123b418a3f68489a15a25) Importer(815301076,1909f56bfc062723c751e8b465ee728b)
Start importing Assets/Scenes/Load.unity using Guid(2808a26cd7a123b418a3f68489a15a25) Importer(815301076,1909f56bfc062723c751e8b465ee728b)  -> (artifact id: '31d55549d91617dff9ceb82ddaa4778d') in 0.045763 seconds
  Import took 0.072027 seconds .

========================================================================
Received Import Request.
  Time since last request: 1.691599 seconds.
  path: Assets/Scenes/Main.unity
  artifactKey: Guid(3051d0bb43cbf574a845e91a096e677d) Importer(815301076,1909f56bfc062723c751e8b465ee728b)
Start importing Assets/Scenes/Main.unity using Guid(3051d0bb43cbf574a845e91a096e677d) Importer(815301076,1909f56bfc062723c751e8b465ee728b)  -> (artifact id: '56d1f3bf4001a4cbc455392d489e2b48') in 0.005818 seconds
  Import took 0.058562 seconds .

========================================================================
Received Prepare
Registering precompiled user dll's ...
Registered in 0.013777 seconds.
Begin MonoManager ReloadAssembly
Native extension for WindowsStandalone target not found
Native extension for WebGL target not found
Refreshing native plugins compatible for Editor in 2.19 ms, found 2 plugins.
Preloading 0 native plugins for Editor in 0.00 ms.
Invoked RoslynAnalysisRunner static constructor.
RoslynAnalysisRunner will not be running.
RoslynAnalysisRunner has terminated.
Mono: successfully reloaded assembly
- Completed reload, in  2.860 seconds
Platform modules already initialized, skipping
Shader 'Universal Render Pipeline/Particles/Lit': fallback shader 'Universal Render Pipeline/Particles/SimpleLit' not found
Refreshing native plugins compatible for Editor in 1.41 ms, found 2 plugins.
Preloading 0 native plugins for Editor in 0.00 ms.
Unloading 3582 Unused Serialized files (Serialized files now loaded: 0)
System memory in use before: 158.4 MB.
System memory in use after: 158.6 MB.

Unloading 48 unused Assets to reduce memory usage. Loaded Objects now: 4252.
Total: 9.543200 ms (FindLiveObjects: 0.886100 ms CreateObjectMapping: 0.428800 ms MarkObjects: 8.038600 ms  DeleteObjects: 0.186200 ms)

========================================================================
Received Prepare
Registering precompiled user dll's ...
Registered in 0.008380 seconds.
Begin MonoManager ReloadAssembly
Native extension for WindowsStandalone target not found
Native extension for WebGL target not found
Refreshing native plugins compatible for Editor in 1.75 ms, found 2 plugins.
Preloading 0 native plugins for Editor in 0.00 ms.
Invoked RoslynAnalysisRunner static constructor.
RoslynAnalysisRunner will not be running.
RoslynAnalysisRunner has terminated.
Mono: successfully reloaded assembly
- Completed reload, in  2.818 seconds
Platform modules already initialized, skipping
Shader 'Universal Render Pipeline/Particles/Lit': fallback shader 'Universal Render Pipeline/Particles/SimpleLit' not found
Refreshing native plugins compatible for Editor in 1.99 ms, found 2 plugins.
Preloading 0 native plugins for Editor in 0.00 ms.
Unloading 3582 Unused Serialized files (Serialized files now loaded: 0)
System memory in use before: 158.4 MB.
System memory in use after: 158.6 MB.

Unloading 48 unused Assets to reduce memory usage. Loaded Objects now: 4254.
Total: 8.320900 ms (FindLiveObjects: 0.500500 ms CreateObjectMapping: 0.237300 ms MarkObjects: 7.460500 ms  DeleteObjects: 0.119600 ms)

========================================================================
Received Import Request.
  Time since last request: 430.340552 seconds.
  path: Assets/Scenes/Design.unity
  artifactKey: Guid(7fcc502a0ec47b046bac47a8811c7e7f) Importer(815301076,1909f56bfc062723c751e8b465ee728b)
Start importing Assets/Scenes/Design.unity using Guid(7fcc502a0ec47b046bac47a8811c7e7f) Importer(815301076,1909f56bfc062723c751e8b465ee728b)  -> (artifact id: '2e6077c30d58bebda1ba04e5c862ae5c') in 0.024767 seconds
  Import took 0.076136 seconds .

========================================================================
Received Import Request.
  Time since last request: 99.842284 seconds.
  path: Assets/Scenes/IntroScene.unity
  artifactKey: Guid(66ee0de336ec1fa44aca6a2ef7b923a6) Importer(815301076,1909f56bfc062723c751e8b465ee728b)
Start importing Assets/Scenes/IntroScene.unity using Guid(66ee0de336ec1fa44aca6a2ef7b923a6) Importer(815301076,1909f56bfc062723c751e8b465ee728b)  -> (artifact id: 'ef0afdb90e0a79a60f029ad5e8d4b66e') in 0.050555 seconds
  Import took 0.076619 seconds .

========================================================================
Received Prepare
Registering precompiled user dll's ...
Registered in 0.009860 seconds.
Begin MonoManager ReloadAssembly
Native extension for WindowsStandalone target not found
Native extension for WebGL target not found
Refreshing native plugins compatible for Editor in 1.47 ms, found 2 plugins.
Preloading 0 native plugins for Editor in 0.00 ms.
Invoked RoslynAnalysisRunner static constructor.
RoslynAnalysisRunner will not be running.
RoslynAnalysisRunner has terminated.
Mono: successfully reloaded assembly
- Completed reload, in  3.091 seconds
Platform modules already initialized, skipping
Shader 'Universal Render Pipeline/Particles/Lit': fallback shader 'Universal Render Pipeline/Particles/SimpleLit' not found
Refreshing native plugins compatible for Editor in 3.69 ms, found 2 plugins.
Preloading 0 native plugins for Editor in 0.00 ms.
Unloading 3582 Unused Serialized files (Serialized files now loaded: 0)
System memory in use before: 158.4 MB.
System memory in use after: 158.7 MB.

Unloading 48 unused Assets to reduce memory usage. Loaded Objects now: 4256.
Total: 8.359200 ms (FindLiveObjects: 0.435300 ms CreateObjectMapping: 0.250700 ms MarkObjects: 7.538300 ms  DeleteObjects: 0.133100 ms)

========================================================================
Received Prepare
Registering precompiled user dll's ...
Registered in 0.010770 seconds.
Begin MonoManager ReloadAssembly
Native extension for WindowsStandalone target not found
Native extension for WebGL target not found
Refreshing native plugins compatible for Editor in 1.41 ms, found 2 plugins.
Preloading 0 native plugins for Editor in 0.00 ms.
Invoked RoslynAnalysisRunner static constructor.
RoslynAnalysisRunner will not be running.
RoslynAnalysisRunner has terminated.
Mono: successfully reloaded assembly
- Completed reload, in  2.961 seconds
Platform modules already initialized, skipping
Shader 'Universal Render Pipeline/Particles/Lit': fallback shader 'Universal Render Pipeline/Particles/SimpleLit' not found
Refreshing native plugins compatible for Editor in 1.36 ms, found 2 plugins.
Preloading 0 native plugins for Editor in 0.00 ms.
Unloading 3582 Unused Serialized files (Serialized files now loaded: 0)
System memory in use before: 158.4 MB.
System memory in use after: 158.7 MB.

Unloading 48 unused Assets to reduce memory usage. Loaded Objects now: 4258.
Total: 10.455800 ms (FindLiveObjects: 0.536500 ms CreateObjectMapping: 0.310500 ms MarkObjects: 9.495900 ms  DeleteObjects: 0.111100 ms)

========================================================================
Received Import Request.
  Time since last request: 984.331535 seconds.
  path: Assets/Scenes/Design.unity
  artifactKey: Guid(7fcc502a0ec47b046bac47a8811c7e7f) Importer(815301076,1909f56bfc062723c751e8b465ee728b)
Start importing Assets/Scenes/Design.unity using Guid(7fcc502a0ec47b046bac47a8811c7e7f) Importer(815301076,1909f56bfc062723c751e8b465ee728b)  -> (artifact id: 'f4320d5a661b30f1d0afd58db584b734') in 0.028472 seconds
  Import took 0.069510 seconds .

========================================================================
Received Import Request.
  Time since last request: 25.460139 seconds.
  path: Assets/Scenes/IntroScene.unity
  artifactKey: Guid(66ee0de336ec1fa44aca6a2ef7b923a6) Importer(815301076,1909f56bfc062723c751e8b465ee728b)
Start importing Assets/Scenes/IntroScene.unity using Guid(66ee0de336ec1fa44aca6a2ef7b923a6) Importer(815301076,1909f56bfc062723c751e8b465ee728b)  -> (artifact id: 'f241978ce16c3ea2e288d682a0b81e34') in 0.007891 seconds
  Import took 0.063083 seconds .

========================================================================
Received Prepare
Registering precompiled user dll's ...
Registered in 0.013090 seconds.
Begin MonoManager ReloadAssembly
Native extension for WindowsStandalone target not found
Native extension for WebGL target not found
Refreshing native plugins compatible for Editor in 2.04 ms, found 2 plugins.
Preloading 0 native plugins for Editor in 0.00 ms.
Invoked RoslynAnalysisRunner static constructor.
RoslynAnalysisRunner will not be running.
RoslynAnalysisRunner has terminated.
Mono: successfully reloaded assembly
- Completed reload, in  3.062 seconds
Platform modules already initialized, skipping
Shader 'Universal Render Pipeline/Particles/Lit': fallback shader 'Universal Render Pipeline/Particles/SimpleLit' not found
Refreshing native plugins compatible for Editor in 1.39 ms, found 2 plugins.
Preloading 0 native plugins for Editor in 0.00 ms.
Unloading 3582 Unused Serialized files (Serialized files now loaded: 0)
System memory in use before: 158.5 MB.
System memory in use after: 158.7 MB.

Unloading 48 unused Assets to reduce memory usage. Loaded Objects now: 4260.
Total: 8.798700 ms (FindLiveObjects: 0.477100 ms CreateObjectMapping: 0.263400 ms MarkObjects: 7.943100 ms  DeleteObjects: 0.112900 ms)

========================================================================
Received Import Request.
  Time since last request: 231.843191 seconds.
  path: Assets/Scenes/Main.unity
  artifactKey: Guid(3051d0bb43cbf574a845e91a096e677d) Importer(815301076,1909f56bfc062723c751e8b465ee728b)
Start importing Assets/Scenes/Main.unity using Guid(3051d0bb43cbf574a845e91a096e677d) Importer(815301076,1909f56bfc062723c751e8b465ee728b)  -> (artifact id: 'e69a260d8fc4260f6980084ecb9ab2c5') in 0.021622 seconds
  Import took 0.074963 seconds .

========================================================================
Received Import Request.
  Time since last request: 75.134616 seconds.
  path: Assets/Scenes/Design.unity
  artifactKey: Guid(7fcc502a0ec47b046bac47a8811c7e7f) Importer(815301076,1909f56bfc062723c751e8b465ee728b)
Start importing Assets/Scenes/Design.unity using Guid(7fcc502a0ec47b046bac47a8811c7e7f) Importer(815301076,1909f56bfc062723c751e8b465ee728b)  -> (artifact id: '4cfb2ca772598f9ce739f5d0312e9df3') in 0.006713 seconds
  Import took 0.291827 seconds .

========================================================================
Received Prepare
Registering precompiled user dll's ...
Registered in 0.008778 seconds.
Begin MonoManager ReloadAssembly
Native extension for WindowsStandalone target not found
Native extension for WebGL target not found
Refreshing native plugins compatible for Editor in 1.19 ms, found 2 plugins.
Preloading 0 native plugins for Editor in 0.00 ms.
Invoked RoslynAnalysisRunner static constructor.
RoslynAnalysisRunner will not be running.
RoslynAnalysisRunner has terminated.
Mono: successfully reloaded assembly
- Completed reload, in  2.033 seconds
Platform modules already initialized, skipping
Shader 'Universal Render Pipeline/Particles/Lit': fallback shader 'Universal Render Pipeline/Particles/SimpleLit' not found
Refreshing native plugins compatible for Editor in 1.11 ms, found 2 plugins.
Preloading 0 native plugins for Editor in 0.00 ms.
Unloading 3582 Unused Serialized files (Serialized files now loaded: 0)
System memory in use before: 158.5 MB.
System memory in use after: 158.7 MB.

Unloading 48 unused Assets to reduce memory usage. Loaded Objects now: 4262.
Total: 6.800900 ms (FindLiveObjects: 0.715300 ms CreateObjectMapping: 0.262700 ms MarkObjects: 5.713800 ms  DeleteObjects: 0.106200 ms)

========================================================================
Received Import Request.
  Time since last request: 113.708834 seconds.
  path: Assets/Scenes/IntroScene.unity
  artifactKey: Guid(66ee0de336ec1fa44aca6a2ef7b923a6) Importer(815301076,1909f56bfc062723c751e8b465ee728b)
Start importing Assets/Scenes/IntroScene.unity using Guid(66ee0de336ec1fa44aca6a2ef7b923a6) Importer(815301076,1909f56bfc062723c751e8b465ee728b)  -> (artifact id: '4fdf2d438787f05f830b660c9cc98e79') in 0.022568 seconds
  Import took 0.101116 seconds .

========================================================================
Received Prepare
Registering precompiled user dll's ...
Registered in 0.010541 seconds.
Begin MonoManager ReloadAssembly
Native extension for WindowsStandalone target not found
Native extension for WebGL target not found
Refreshing native plugins compatible for Editor in 1.95 ms, found 2 plugins.
Preloading 0 native plugins for Editor in 0.00 ms.
Invoked RoslynAnalysisRunner static constructor.
RoslynAnalysisRunner will not be running.
RoslynAnalysisRunner has terminated.
Mono: successfully reloaded assembly
- Completed reload, in  2.901 seconds
Platform modules already initialized, skipping
Shader 'Universal Render Pipeline/Particles/Lit': fallback shader 'Universal Render Pipeline/Particles/SimpleLit' not found
Refreshing native plugins compatible for Editor in 1.42 ms, found 2 plugins.
Preloading 0 native plugins for Editor in 0.00 ms.
Unloading 3582 Unused Serialized files (Serialized files now loaded: 0)
System memory in use before: 158.5 MB.
System memory in use after: 158.7 MB.

Unloading 48 unused Assets to reduce memory usage. Loaded Objects now: 4264.
Total: 8.939900 ms (FindLiveObjects: 0.645800 ms CreateObjectMapping: 0.494900 ms MarkObjects: 7.676400 ms  DeleteObjects: 0.120200 ms)

========================================================================
Received Import Request.
  Time since last request: 457.597882 seconds.
  path: Assets/Scenes/Design.unity
  artifactKey: Guid(7fcc502a0ec47b046bac47a8811c7e7f) Importer(815301076,1909f56bfc062723c751e8b465ee728b)
Start importing Assets/Scenes/Design.unity using Guid(7fcc502a0ec47b046bac47a8811c7e7f) Importer(815301076,1909f56bfc062723c751e8b465ee728b)  -> (artifact id: 'e263abf04afb3bec7f578eda06a74634') in 0.031348 seconds
  Import took 0.103776 seconds .

========================================================================
Received Prepare
Registering precompiled user dll's ...
Registered in 0.008389 seconds.
Begin MonoManager ReloadAssembly
Native extension for WindowsStandalone target not found
Native extension for WebGL target not found
Refreshing native plugins compatible for Editor in 1.15 ms, found 2 plugins.
Preloading 0 native plugins for Editor in 0.00 ms.
Invoked RoslynAnalysisRunner static constructor.
RoslynAnalysisRunner will not be running.
RoslynAnalysisRunner has terminated.
Mono: successfully reloaded assembly
- Completed reload, in  2.049 seconds
Platform modules already initialized, skipping
Shader 'Universal Render Pipeline/Particles/Lit': fallback shader 'Universal Render Pipeline/Particles/SimpleLit' not found
Refreshing native plugins compatible for Editor in 1.27 ms, found 2 plugins.
Preloading 0 native plugins for Editor in 0.00 ms.
Unloading 3582 Unused Serialized files (Serialized files now loaded: 0)
System memory in use before: 158.5 MB.
System memory in use after: 158.7 MB.

Unloading 48 unused Assets to reduce memory usage. Loaded Objects now: 4266.
Total: 7.485100 ms (FindLiveObjects: 0.437000 ms CreateObjectMapping: 0.240900 ms MarkObjects: 6.716400 ms  DeleteObjects: 0.089400 ms)

========================================================================
Received Import Request.
  Time since last request: 302.092543 seconds.
  path: Assets/UI/CircleOutlineOne.png
  artifactKey: Guid(3dc4c89c1dd88524197c876eda3da540) Importer(815301076,1909f56bfc062723c751e8b465ee728b)
Start importing Assets/UI/CircleOutlineOne.png using Guid(3dc4c89c1dd88524197c876eda3da540) Importer(815301076,1909f56bfc062723c751e8b465ee728b)  -> (artifact id: 'df7724bbdc2cac2fb9e7ae29335e073a') in 0.257742 seconds
  Import took 0.271130 seconds .

========================================================================
Received Prepare
Registering precompiled user dll's ...
Registered in 0.007446 seconds.
Begin MonoManager ReloadAssembly
Native extension for WindowsStandalone target not found
Native extension for WebGL target not found
Refreshing native plugins compatible for Editor in 1.23 ms, found 2 plugins.
Preloading 0 native plugins for Editor in 0.00 ms.
Invoked RoslynAnalysisRunner static constructor.
RoslynAnalysisRunner will not be running.
RoslynAnalysisRunner has terminated.
Mono: successfully reloaded assembly
- Completed reload, in  2.034 seconds
Platform modules already initialized, skipping
Shader 'Universal Render Pipeline/Particles/Lit': fallback shader 'Universal Render Pipeline/Particles/SimpleLit' not found
Refreshing native plugins compatible for Editor in 1.15 ms, found 2 plugins.
Preloading 0 native plugins for Editor in 0.00 ms.
Unloading 3582 Unused Serialized files (Serialized files now loaded: 0)
System memory in use before: 158.5 MB.
System memory in use after: 158.7 MB.

Unloading 48 unused Assets to reduce memory usage. Loaded Objects now: 4270.
Total: 6.662600 ms (FindLiveObjects: 0.390200 ms CreateObjectMapping: 0.180300 ms MarkObjects: 5.995100 ms  DeleteObjects: 0.095500 ms)

========================================================================
Received Prepare
Shader 'Universal Render Pipeline/Particles/Lit': fallback shader 'Universal Render Pipeline/Particles/SimpleLit' not found
Refreshing native plugins compatible for Editor in 26.91 ms, found 2 plugins.
Preloading 0 native plugins for Editor in 0.00 ms.
Unloading 50 Unused Serialized files (Serialized files now loaded: 0)
System memory in use before: 87.8 MB.
System memory in use after: 88.0 MB.

Unloading 46 unused Assets to reduce memory usage. Loaded Objects now: 4270.
Total: 10.062000 ms (FindLiveObjects: 0.608100 ms CreateObjectMapping: 0.267600 ms MarkObjects: 9.075800 ms  DeleteObjects: 0.108400 ms)

AssetImportWorkerClient::OnTransportError - code=2 error=End of file
