Using pre-set license
Built from '2020.3/staging' branch; Version is '2020.3.18f1 (a7d1c678663c) revision 10998214'; Using compiler version '192528614'; Build Type 'Release'
OS: 'Windows 10 Home; OS build 19042.1288; Version 2009; 64bit' Language: 'en' Physical Memory: 16303 MB
BatchMode: 1, IsHumanControllingUs: 0, StartBugReporterOnCrash: 0, Is64bit: 1, IsPro: 0

COMMAND LINE ARGUMENTS:
C:\Program Files\Unity\Hub\Editor\2020.3.18f1\Editor\Unity.exe
-adb2
-batchMode
-noUpm
-name
AssetImportWorker3
-projectPath
D:/UnityProjects/OrigamiFortuneTeller/Origami-Fortune-Teller
-logFile
Logs/AssetImportWorker3.log
-srvPort
56059
Successfully changed project path to: D:/UnityProjects/OrigamiFortuneTeller/Origami-Fortune-Teller
D:/UnityProjects/OrigamiFortuneTeller/Origami-Fortune-Teller
Using Asset Import Pipeline V2.
Refreshing native plugins compatible for Editor in 143.14 ms, found 2 plugins.
Preloading 0 native plugins for Editor in 0.00 ms.
Initialize engine version: 2020.3.18f1 (a7d1c678663c)
[Subsystems] Discovering subsystems at path C:/Program Files/Unity/Hub/Editor/2020.3.18f1/Editor/Data/Resources/UnitySubsystems
[Subsystems] Discovering subsystems at path D:/UnityProjects/OrigamiFortuneTeller/Origami-Fortune-Teller/Assets
GfxDevice: creating device client; threaded=0
Direct3D:
    Version:  Direct3D 11.0 [level 11.0]
    Renderer: NVIDIA GeForce GTX 860M (ID=0x1392)
    Vendor:   
    VRAM:     2010 MB
    Driver:   27.21.14.6677
Initialize mono
Mono path[0] = 'C:/Program Files/Unity/Hub/Editor/2020.3.18f1/Editor/Data/Managed'
Mono path[1] = 'C:/Program Files/Unity/Hub/Editor/2020.3.18f1/Editor/Data/MonoBleedingEdge/lib/mono/unityjit'
Mono config path = 'C:/Program Files/Unity/Hub/Editor/2020.3.18f1/Editor/Data/MonoBleedingEdge/etc'
Using monoOptions --debugger-agent=transport=dt_socket,embedding=1,server=y,suspend=n,address=127.0.0.1:56300
Begin MonoManager ReloadAssembly
Registering precompiled unity dll's ...
Register platform support module: C:/Program Files/Unity/Hub/Editor/2020.3.18f1/Editor/Data/PlaybackEngines/WindowsStandaloneSupport/UnityEditor.WindowsStandalone.Extensions.dll
Registered in 0.004158 seconds.
Native extension for WindowsStandalone target not found
Refreshing native plugins compatible for Editor in 104.39 ms, found 2 plugins.
Preloading 0 native plugins for Editor in 0.00 ms.
Mono: successfully reloaded assembly
- Completed reload, in  3.119 seconds
Domain Reload Profiling:
	ReloadAssembly (3119ms)
		BeginReloadAssembly (81ms)
			ExecutionOrderSort (0ms)
			DisableScriptedObjects (0ms)
			BackupInstance (0ms)
			ReleaseScriptingObjects (0ms)
			CreateAndSetChildDomain (1ms)
		EndReloadAssembly (627ms)
			LoadAssemblies (75ms)
			RebuildTransferFunctionScriptingTraits (0ms)
			SetupTypeCache (195ms)
			ReleaseScriptCaches (0ms)
			RebuildScriptCaches (38ms)
			SetupLoadedEditorAssemblies (280ms)
				LogAssemblyErrors (0ms)
				InitializePlatformSupportModulesInManaged (5ms)
				SetLoadedEditorAssemblies (0ms)
				RefreshPlugins (104ms)
				BeforeProcessingInitializeOnLoad (21ms)
				ProcessInitializeOnLoadAttributes (113ms)
				ProcessInitializeOnLoadMethodAttributes (36ms)
				AfterProcessingInitializeOnLoad (0ms)
				EditorAssembliesLoaded (0ms)
			ExecutionOrderSort2 (0ms)
			AwakeInstancesAfterBackupRestoration (0ms)
Platform modules already initialized, skipping
Registering precompiled user dll's ...
Registered in 0.013735 seconds.
Begin MonoManager ReloadAssembly
Native extension for WindowsStandalone target not found
Refreshing native plugins compatible for Editor in 136.67 ms, found 2 plugins.
Preloading 0 native plugins for Editor in 0.00 ms.
Mono: successfully reloaded assembly
- Completed reload, in  3.245 seconds
Domain Reload Profiling:
	ReloadAssembly (3246ms)
		BeginReloadAssembly (251ms)
			ExecutionOrderSort (0ms)
			DisableScriptedObjects (11ms)
			BackupInstance (0ms)
			ReleaseScriptingObjects (0ms)
			CreateAndSetChildDomain (29ms)
		EndReloadAssembly (2885ms)
			LoadAssemblies (204ms)
			RebuildTransferFunctionScriptingTraits (0ms)
			SetupTypeCache (576ms)
			ReleaseScriptCaches (1ms)
			RebuildScriptCaches (107ms)
			SetupLoadedEditorAssemblies (1786ms)
				LogAssemblyErrors (0ms)
				InitializePlatformSupportModulesInManaged (7ms)
				SetLoadedEditorAssemblies (0ms)
				RefreshPlugins (137ms)
				BeforeProcessingInitializeOnLoad (200ms)
				ProcessInitializeOnLoadAttributes (1336ms)
				ProcessInitializeOnLoadMethodAttributes (88ms)
				AfterProcessingInitializeOnLoad (18ms)
				EditorAssembliesLoaded (1ms)
			ExecutionOrderSort2 (0ms)
			AwakeInstancesAfterBackupRestoration (10ms)
Platform modules already initialized, skipping
========================================================================
Worker process is ready to serve import requests
Launched and connected shader compiler UnityShaderCompiler.exe after 0.17 seconds
Refreshing native plugins compatible for Editor in 1.50 ms, found 2 plugins.
Preloading 0 native plugins for Editor in 0.00 ms.
Unloading 3973 Unused Serialized files (Serialized files now loaded: 0)
System memory in use before: 170.0 MB.
System memory in use after: 170.2 MB.

Unloading 60 unused Assets to reduce memory usage. Loaded Objects now: 4422.
Total: 10.932500 ms (FindLiveObjects: 0.651700 ms CreateObjectMapping: 0.705300 ms MarkObjects: 9.416100 ms  DeleteObjects: 0.157800 ms)

AssetImportParameters requested are different than current active one (requested -> active):
  custom:framework-win-MediaFoundation: 216162199b28c13a410421893ffa2e32 -> 
  custom:video-decoder-ogg-theora: a1e56fd34408186e4bbccfd4996cb3dc -> 
  custom:container-muxer-webm: aa71ff27fc2769a1b78a27578f13a17b -> 
  custom:container-demuxer-webm: 4f35f7cbe854078d1ac9338744f61a02 -> 
  custom:container-demuxer-ogg: 62fdf1f143b41e24485cea50d1cbac27 -> 
  custom:video-encoder-webm-vp8: eb34c28f22e8b96e1ab97ce403110664 -> 
  custom:video-codec-MediaFoundation-h265: 746d11721c4dcdbdad8f713fa42b33f4 -> 
  custom:video-decoder-webm-vp8: 9c59270c3fd7afecdb556c50c9e8de78 -> 
  custom:audio-decoder-ogg-vorbis: bf7c407c2cedff20999df2af8eb42d56 -> 
  custom:audio-encoder-webm-vorbis: bf7c407c2cedff20999df2af8eb42d56 -> 
========================================================================
Received Import Request.
  path: Assets/Scenes/IntroScene.unity
  artifactKey: Guid(66ee0de336ec1fa44aca6a2ef7b923a6) Importer(815301076,1909f56bfc062723c751e8b465ee728b)
Start importing Assets/Scenes/IntroScene.unity using Guid(66ee0de336ec1fa44aca6a2ef7b923a6) Importer(815301076,1909f56bfc062723c751e8b465ee728b)  -> (artifact id: '817c698fcf5b8488de3deb48776b6836') in 0.029527 seconds 
  Import took 0.133910 seconds .

========================================================================
Received Prepare
Registering precompiled user dll's ...
Registered in 0.019300 seconds.
Begin MonoManager ReloadAssembly
Native extension for WindowsStandalone target not found
Refreshing native plugins compatible for Editor in 1.80 ms, found 2 plugins.
Preloading 0 native plugins for Editor in 0.00 ms.
Mono: successfully reloaded assembly
- Completed reload, in  2.539 seconds
Domain Reload Profiling:
	ReloadAssembly (2540ms)
		BeginReloadAssembly (235ms)
			ExecutionOrderSort (0ms)
			DisableScriptedObjects (8ms)
			BackupInstance (0ms)
			ReleaseScriptingObjects (0ms)
			CreateAndSetChildDomain (71ms)
		EndReloadAssembly (2185ms)
			LoadAssemblies (225ms)
			RebuildTransferFunctionScriptingTraits (0ms)
			SetupTypeCache (610ms)
			ReleaseScriptCaches (3ms)
			RebuildScriptCaches (125ms)
			SetupLoadedEditorAssemblies (913ms)
				LogAssemblyErrors (0ms)
				InitializePlatformSupportModulesInManaged (9ms)
				SetLoadedEditorAssemblies (1ms)
				RefreshPlugins (2ms)
				BeforeProcessingInitializeOnLoad (235ms)
				ProcessInitializeOnLoadAttributes (577ms)
				ProcessInitializeOnLoadMethodAttributes (72ms)
				AfterProcessingInitializeOnLoad (17ms)
				EditorAssembliesLoaded (1ms)
			ExecutionOrderSort2 (0ms)
			AwakeInstancesAfterBackupRestoration (64ms)
Platform modules already initialized, skipping
Switching build target platform(19) subTarget(0) extendedPlatform(0) -> platform(13) subTarget(537395200) extendedPlatform(0)
Refreshing native plugins compatible for Editor in 2.79 ms, found 2 plugins.
Preloading 0 native plugins for Editor in 0.00 ms.
Unloading 3809 Unused Serialized files (Serialized files now loaded: 0)
System memory in use before: 158.6 MB.
System memory in use after: 158.9 MB.

Unloading 55 unused Assets to reduce memory usage. Loaded Objects now: 4424.
Total: 13.736300 ms (FindLiveObjects: 0.589600 ms CreateObjectMapping: 0.522400 ms MarkObjects: 12.558000 ms  DeleteObjects: 0.063600 ms)

AssetImportParameters requested are different than current active one (requested -> active):
  custom:framework-win-MediaFoundation: 216162199b28c13a410421893ffa2e32 -> 
  custom:video-decoder-ogg-theora: a1e56fd34408186e4bbccfd4996cb3dc -> 
  custom:container-muxer-webm: aa71ff27fc2769a1b78a27578f13a17b -> 
  custom:container-demuxer-webm: 4f35f7cbe854078d1ac9338744f61a02 -> 
  custom:container-demuxer-ogg: 62fdf1f143b41e24485cea50d1cbac27 -> 
  custom:video-encoder-webm-vp8: eb34c28f22e8b96e1ab97ce403110664 -> 
  custom:video-codec-MediaFoundation-h265: 746d11721c4dcdbdad8f713fa42b33f4 -> 
  custom:video-decoder-webm-vp8: 9c59270c3fd7afecdb556c50c9e8de78 -> 
  custom:graphics/normal-map-encoding: 01000000000000000000000000000000 -> 02000000000000000000000000000000
  custom:audio-decoder-ogg-vorbis: bf7c407c2cedff20999df2af8eb42d56 -> 
  custom:audio-encoder-webm-vorbis: bf7c407c2cedff20999df2af8eb42d56 -> 
========================================================================
Received Prepare
Registering precompiled user dll's ...
Registered in 0.021549 seconds.
Begin MonoManager ReloadAssembly
Native extension for WindowsStandalone target not found
Refreshing native plugins compatible for Editor in 1.71 ms, found 2 plugins.
Preloading 0 native plugins for Editor in 0.00 ms.
Mono: successfully reloaded assembly
- Completed reload, in  2.679 seconds
Domain Reload Profiling:
	ReloadAssembly (2680ms)
		BeginReloadAssembly (212ms)
			ExecutionOrderSort (0ms)
			DisableScriptedObjects (10ms)
			BackupInstance (0ms)
			ReleaseScriptingObjects (0ms)
			CreateAndSetChildDomain (69ms)
		EndReloadAssembly (2354ms)
			LoadAssemblies (220ms)
			RebuildTransferFunctionScriptingTraits (0ms)
			SetupTypeCache (624ms)
			ReleaseScriptCaches (5ms)
			RebuildScriptCaches (153ms)
			SetupLoadedEditorAssemblies (1010ms)
				LogAssemblyErrors (0ms)
				InitializePlatformSupportModulesInManaged (9ms)
				SetLoadedEditorAssemblies (1ms)
				RefreshPlugins (2ms)
				BeforeProcessingInitializeOnLoad (220ms)
				ProcessInitializeOnLoadAttributes (697ms)
				ProcessInitializeOnLoadMethodAttributes (64ms)
				AfterProcessingInitializeOnLoad (18ms)
				EditorAssembliesLoaded (1ms)
			ExecutionOrderSort2 (0ms)
			AwakeInstancesAfterBackupRestoration (64ms)
Platform modules already initialized, skipping
Switching build target platform(19) subTarget(0) extendedPlatform(0) -> platform(13) subTarget(537395200) extendedPlatform(0)
Refreshing native plugins compatible for Editor in 2.71 ms, found 2 plugins.
Preloading 0 native plugins for Editor in 0.00 ms.
Unloading 3809 Unused Serialized files (Serialized files now loaded: 0)
System memory in use before: 158.7 MB.
System memory in use after: 158.9 MB.

Unloading 55 unused Assets to reduce memory usage. Loaded Objects now: 4426.
Total: 38.328000 ms (FindLiveObjects: 1.771400 ms CreateObjectMapping: 1.059400 ms MarkObjects: 35.410500 ms  DeleteObjects: 0.083600 ms)

AssetImportParameters requested are different than current active one (requested -> active):
  custom:framework-win-MediaFoundation: 216162199b28c13a410421893ffa2e32 -> 
  custom:video-decoder-ogg-theora: a1e56fd34408186e4bbccfd4996cb3dc -> 
  custom:container-muxer-webm: aa71ff27fc2769a1b78a27578f13a17b -> 
  custom:container-demuxer-webm: 4f35f7cbe854078d1ac9338744f61a02 -> 
  custom:container-demuxer-ogg: 62fdf1f143b41e24485cea50d1cbac27 -> 
  custom:video-encoder-webm-vp8: eb34c28f22e8b96e1ab97ce403110664 -> 
  custom:video-codec-MediaFoundation-h265: 746d11721c4dcdbdad8f713fa42b33f4 -> 
  custom:video-decoder-webm-vp8: 9c59270c3fd7afecdb556c50c9e8de78 -> 
  custom:graphics/normal-map-encoding: 01000000000000000000000000000000 -> 02000000000000000000000000000000
  custom:audio-decoder-ogg-vorbis: bf7c407c2cedff20999df2af8eb42d56 -> 
  custom:audio-encoder-webm-vorbis: bf7c407c2cedff20999df2af8eb42d56 -> 
========================================================================
Received Prepare
Registering precompiled user dll's ...
Registered in 0.019967 seconds.
Begin MonoManager ReloadAssembly
Native extension for WindowsStandalone target not found
Refreshing native plugins compatible for Editor in 1.73 ms, found 2 plugins.
Preloading 0 native plugins for Editor in 0.00 ms.
Mono: successfully reloaded assembly
- Completed reload, in  2.485 seconds
Domain Reload Profiling:
	ReloadAssembly (2486ms)
		BeginReloadAssembly (205ms)
			ExecutionOrderSort (0ms)
			DisableScriptedObjects (7ms)
			BackupInstance (0ms)
			ReleaseScriptingObjects (0ms)
			CreateAndSetChildDomain (69ms)
		EndReloadAssembly (2166ms)
			LoadAssemblies (210ms)
			RebuildTransferFunctionScriptingTraits (0ms)
			SetupTypeCache (575ms)
			ReleaseScriptCaches (3ms)
			RebuildScriptCaches (111ms)
			SetupLoadedEditorAssemblies (912ms)
				LogAssemblyErrors (0ms)
				InitializePlatformSupportModulesInManaged (9ms)
				SetLoadedEditorAssemblies (1ms)
				RefreshPlugins (2ms)
				BeforeProcessingInitializeOnLoad (222ms)
				ProcessInitializeOnLoadAttributes (593ms)
				ProcessInitializeOnLoadMethodAttributes (69ms)
				AfterProcessingInitializeOnLoad (17ms)
				EditorAssembliesLoaded (1ms)
			ExecutionOrderSort2 (0ms)
			AwakeInstancesAfterBackupRestoration (57ms)
Platform modules already initialized, skipping
Switching build target platform(19) subTarget(0) extendedPlatform(0) -> platform(13) subTarget(537395200) extendedPlatform(0)
Refreshing native plugins compatible for Editor in 1.70 ms, found 2 plugins.
Preloading 0 native plugins for Editor in 0.00 ms.
Unloading 3809 Unused Serialized files (Serialized files now loaded: 0)
System memory in use before: 158.7 MB.
System memory in use after: 159.0 MB.

Unloading 55 unused Assets to reduce memory usage. Loaded Objects now: 4428.
Total: 15.892900 ms (FindLiveObjects: 0.670600 ms CreateObjectMapping: 0.321000 ms MarkObjects: 14.836700 ms  DeleteObjects: 0.062400 ms)

AssetImportParameters requested are different than current active one (requested -> active):
  custom:framework-win-MediaFoundation: 216162199b28c13a410421893ffa2e32 -> 
  custom:video-decoder-ogg-theora: a1e56fd34408186e4bbccfd4996cb3dc -> 
  custom:container-muxer-webm: aa71ff27fc2769a1b78a27578f13a17b -> 
  custom:container-demuxer-webm: 4f35f7cbe854078d1ac9338744f61a02 -> 
  custom:container-demuxer-ogg: 62fdf1f143b41e24485cea50d1cbac27 -> 
  custom:video-encoder-webm-vp8: eb34c28f22e8b96e1ab97ce403110664 -> 
  custom:video-codec-MediaFoundation-h265: 746d11721c4dcdbdad8f713fa42b33f4 -> 
  custom:video-decoder-webm-vp8: 9c59270c3fd7afecdb556c50c9e8de78 -> 
  custom:graphics/normal-map-encoding: 01000000000000000000000000000000 -> 02000000000000000000000000000000
  custom:audio-decoder-ogg-vorbis: bf7c407c2cedff20999df2af8eb42d56 -> 
  custom:audio-encoder-webm-vorbis: bf7c407c2cedff20999df2af8eb42d56 -> 
========================================================================
Received Import Request.
  Time since last request: 183.882629 seconds.
  path: Assets/Scenes/Design.unity
  artifactKey: Guid(7fcc502a0ec47b046bac47a8811c7e7f) Importer(815301076,1909f56bfc062723c751e8b465ee728b)
Start importing Assets/Scenes/Design.unity using Guid(7fcc502a0ec47b046bac47a8811c7e7f) Importer(815301076,1909f56bfc062723c751e8b465ee728b)  -> (artifact id: '931a19dbfe4a9952eebcf223df3b1f6c') in 0.027936 seconds 
  Import took 0.105622 seconds .

========================================================================
Received Prepare
Registering precompiled user dll's ...
Registered in 0.016561 seconds.
Begin MonoManager ReloadAssembly
Native extension for WindowsStandalone target not found
Refreshing native plugins compatible for Editor in 1.55 ms, found 2 plugins.
Preloading 0 native plugins for Editor in 0.00 ms.
Mono: successfully reloaded assembly
- Completed reload, in  2.648 seconds
Domain Reload Profiling:
	ReloadAssembly (2648ms)
		BeginReloadAssembly (250ms)
			ExecutionOrderSort (0ms)
			DisableScriptedObjects (7ms)
			BackupInstance (0ms)
			ReleaseScriptingObjects (0ms)
			CreateAndSetChildDomain (79ms)
		EndReloadAssembly (2283ms)
			LoadAssemblies (248ms)
			RebuildTransferFunctionScriptingTraits (0ms)
			SetupTypeCache (628ms)
			ReleaseScriptCaches (4ms)
			RebuildScriptCaches (117ms)
			SetupLoadedEditorAssemblies (850ms)
				LogAssemblyErrors (0ms)
				InitializePlatformSupportModulesInManaged (9ms)
				SetLoadedEditorAssemblies (1ms)
				RefreshPlugins (2ms)
				BeforeProcessingInitializeOnLoad (213ms)
				ProcessInitializeOnLoadAttributes (547ms)
				ProcessInitializeOnLoadMethodAttributes (61ms)
				AfterProcessingInitializeOnLoad (17ms)
				EditorAssembliesLoaded (1ms)
			ExecutionOrderSort2 (0ms)
			AwakeInstancesAfterBackupRestoration (53ms)
Platform modules already initialized, skipping
Switching build target platform(19) subTarget(0) extendedPlatform(0) -> platform(13) subTarget(537395200) extendedPlatform(0)
Refreshing native plugins compatible for Editor in 1.82 ms, found 2 plugins.
Preloading 0 native plugins for Editor in 0.00 ms.
Unloading 3809 Unused Serialized files (Serialized files now loaded: 0)
System memory in use before: 158.8 MB.
System memory in use after: 159.0 MB.

Unloading 55 unused Assets to reduce memory usage. Loaded Objects now: 4430.
Total: 10.615700 ms (FindLiveObjects: 0.547800 ms CreateObjectMapping: 0.491300 ms MarkObjects: 9.523200 ms  DeleteObjects: 0.051700 ms)

AssetImportParameters requested are different than current active one (requested -> active):
  custom:framework-win-MediaFoundation: 216162199b28c13a410421893ffa2e32 -> 
  custom:video-decoder-ogg-theora: a1e56fd34408186e4bbccfd4996cb3dc -> 
  custom:container-muxer-webm: aa71ff27fc2769a1b78a27578f13a17b -> 
  custom:container-demuxer-webm: 4f35f7cbe854078d1ac9338744f61a02 -> 
  custom:container-demuxer-ogg: 62fdf1f143b41e24485cea50d1cbac27 -> 
  custom:video-encoder-webm-vp8: eb34c28f22e8b96e1ab97ce403110664 -> 
  custom:video-codec-MediaFoundation-h265: 746d11721c4dcdbdad8f713fa42b33f4 -> 
  custom:video-decoder-webm-vp8: 9c59270c3fd7afecdb556c50c9e8de78 -> 
  custom:graphics/normal-map-encoding: 01000000000000000000000000000000 -> 02000000000000000000000000000000
  custom:audio-decoder-ogg-vorbis: bf7c407c2cedff20999df2af8eb42d56 -> 
  custom:audio-encoder-webm-vorbis: bf7c407c2cedff20999df2af8eb42d56 -> 
========================================================================
Received Import Request.
  Time since last request: 52.228409 seconds.
  path: Assets/UI/Flags Collection Sticker Picker.prefab
  artifactKey: Guid(658e005eefcae264cbbbcf6d746ee985) Importer(815301076,1909f56bfc062723c751e8b465ee728b)
Start importing Assets/UI/Flags Collection Sticker Picker.prefab using Guid(658e005eefcae264cbbbcf6d746ee985) Importer(815301076,1909f56bfc062723c751e8b465ee728b)  -> (artifact id: '2af89538bd244d72b9f399b837665311') in 0.194994 seconds 
  Import took 0.328094 seconds .

========================================================================
Received Import Request.
  Time since last request: 0.000328 seconds.
  path: Assets/UI/Halloween 2021 Sticker Picker.prefab
  artifactKey: Guid(61dfb38b8cd86234f97e0dd81764b274) Importer(815301076,1909f56bfc062723c751e8b465ee728b)
Start importing Assets/UI/Halloween 2021 Sticker Picker.prefab using Guid(61dfb38b8cd86234f97e0dd81764b274) Importer(815301076,1909f56bfc062723c751e8b465ee728b)  -> (artifact id: '3266aea4d60c4facc3a5aa75b98f95a7') in 0.027687 seconds 
  Import took 0.102286 seconds .

========================================================================
Received Import Request.
  Time since last request: 0.000330 seconds.
  path: Assets/UI/Shop Window.prefab
  artifactKey: Guid(5603ae8d735823a4f92b6221af1f42e7) Importer(815301076,1909f56bfc062723c751e8b465ee728b)
Start importing Assets/UI/Shop Window.prefab using Guid(5603ae8d735823a4f92b6221af1f42e7) Importer(815301076,1909f56bfc062723c751e8b465ee728b)  -> (artifact id: '5978a7df3d79d6efc0e058ad9c4b5778') in 0.454151 seconds 
  Import took 0.557794 seconds .

========================================================================
Received Import Request.
  Time since last request: 0.000331 seconds.
  path: Assets/UI/Halloween 2021 Collection.prefab
  artifactKey: Guid(186193e26d1b4ae4ab0788ec09e827b7) Importer(815301076,1909f56bfc062723c751e8b465ee728b)
Start importing Assets/UI/Halloween 2021 Collection.prefab using Guid(186193e26d1b4ae4ab0788ec09e827b7) Importer(815301076,1909f56bfc062723c751e8b465ee728b)  -> (artifact id: '71fb4efab62102c83a93dab439183a71') in 0.044517 seconds 
  Import took 0.130521 seconds .

========================================================================
Received Import Request.
  Time since last request: 0.000306 seconds.
  path: Assets/UI/Flags Collection Sticker Picker.prefab
  artifactKey: Guid(658e005eefcae264cbbbcf6d746ee985) Importer(815301076,1909f56bfc062723c751e8b465ee728b)
Start importing Assets/UI/Flags Collection Sticker Picker.prefab using Guid(658e005eefcae264cbbbcf6d746ee985) Importer(815301076,1909f56bfc062723c751e8b465ee728b)  -> (artifact id: '2af89538bd244d72b9f399b837665311') in 0.021829 seconds 
  Import took 0.032801 seconds .

========================================================================
Received Import Request.
  Time since last request: 0.000322 seconds.
  path: Assets/UI/Kawaii Collection One Sticker Picker.prefab
  artifactKey: Guid(0c1a22f27d7c17d4aaefbf88a8c23623) Importer(815301076,1909f56bfc062723c751e8b465ee728b)
Start importing Assets/UI/Kawaii Collection One Sticker Picker.prefab using Guid(0c1a22f27d7c17d4aaefbf88a8c23623) Importer(815301076,1909f56bfc062723c751e8b465ee728b)  -> (artifact id: 'f900439b64e8ea8993a2e741dee0967c') in 0.025885 seconds 
  Import took 0.075461 seconds .

========================================================================
Received Import Request.
  Time since last request: 0.007810 seconds.
  path: Assets/UI/Kawaii Collection One Sticker Picker.prefab
  artifactKey: Guid(0c1a22f27d7c17d4aaefbf88a8c23623) Importer(815301076,1909f56bfc062723c751e8b465ee728b)
Start importing Assets/UI/Kawaii Collection One Sticker Picker.prefab using Guid(0c1a22f27d7c17d4aaefbf88a8c23623) Importer(815301076,1909f56bfc062723c751e8b465ee728b)  -> (artifact id: 'f900439b64e8ea8993a2e741dee0967c') in 0.018640 seconds 
  Import took 0.031545 seconds .

========================================================================
Received Import Request.
  Time since last request: 69.514402 seconds.
  path: Assets/UI/Shop Window.prefab
  artifactKey: Guid(5603ae8d735823a4f92b6221af1f42e7) Importer(815301076,1909f56bfc062723c751e8b465ee728b)
Start importing Assets/UI/Shop Window.prefab using Guid(5603ae8d735823a4f92b6221af1f42e7) Importer(815301076,1909f56bfc062723c751e8b465ee728b)  -> (artifact id: '2182295e1b212d91703a13a59d8f4a20') in 0.048446 seconds 
  Import took 0.109288 seconds .

========================================================================
Received Import Request.
  Time since last request: 5.868579 seconds.
  path: Assets/UI/Shop Window.prefab
  artifactKey: Guid(5603ae8d735823a4f92b6221af1f42e7) Importer(815301076,1909f56bfc062723c751e8b465ee728b)
Start importing Assets/UI/Shop Window.prefab using Guid(5603ae8d735823a4f92b6221af1f42e7) Importer(815301076,1909f56bfc062723c751e8b465ee728b)  -> (artifact id: '21467437c6ba9ddd553254f5a82336d2') in 0.056298 seconds 
  Import took 0.082537 seconds .

========================================================================
Received Import Request.
  Time since last request: 9.254183 seconds.
  path: Assets/UI/Shop Window.prefab
  artifactKey: Guid(5603ae8d735823a4f92b6221af1f42e7) Importer(815301076,1909f56bfc062723c751e8b465ee728b)
Start importing Assets/UI/Shop Window.prefab using Guid(5603ae8d735823a4f92b6221af1f42e7) Importer(815301076,1909f56bfc062723c751e8b465ee728b)  -> (artifact id: '21f9250c52f4a3b592b0724896351d85') in 0.048861 seconds 
  Import took 0.113083 seconds .

========================================================================
Received Import Request.
  Time since last request: 4.385559 seconds.
  path: Assets/UI/Shop Window.prefab
  artifactKey: Guid(5603ae8d735823a4f92b6221af1f42e7) Importer(815301076,1909f56bfc062723c751e8b465ee728b)
Start importing Assets/UI/Shop Window.prefab using Guid(5603ae8d735823a4f92b6221af1f42e7) Importer(815301076,1909f56bfc062723c751e8b465ee728b)  -> (artifact id: '2b8069121a7cedddb11535dae7c9a7f5') in 0.049040 seconds 
  Import took 0.066855 seconds .

========================================================================
Received Import Request.
  Time since last request: 2.591696 seconds.
  path: Assets/UI/Shop Window.prefab
  artifactKey: Guid(5603ae8d735823a4f92b6221af1f42e7) Importer(815301076,1909f56bfc062723c751e8b465ee728b)
Start importing Assets/UI/Shop Window.prefab using Guid(5603ae8d735823a4f92b6221af1f42e7) Importer(815301076,1909f56bfc062723c751e8b465ee728b)  -> (artifact id: 'bf4fdc478d454123385ef4ffb01badc0') in 0.057481 seconds 
  Import took 0.096768 seconds .

========================================================================
Received Import Request.
  Time since last request: 34.372162 seconds.
  path: Assets/UI/Shop Window.prefab
  artifactKey: Guid(5603ae8d735823a4f92b6221af1f42e7) Importer(815301076,1909f56bfc062723c751e8b465ee728b)
Start importing Assets/UI/Shop Window.prefab using Guid(5603ae8d735823a4f92b6221af1f42e7) Importer(815301076,1909f56bfc062723c751e8b465ee728b)  -> (artifact id: '0421d18d0b7890c99bd99ba57d742a59') in 0.037080 seconds 
  Import took 0.073554 seconds .

========================================================================
Received Import Request.
  Time since last request: 8.847432 seconds.
  path: Assets/UI/Shop Window.prefab
  artifactKey: Guid(5603ae8d735823a4f92b6221af1f42e7) Importer(815301076,1909f56bfc062723c751e8b465ee728b)
Start importing Assets/UI/Shop Window.prefab using Guid(5603ae8d735823a4f92b6221af1f42e7) Importer(815301076,1909f56bfc062723c751e8b465ee728b)  -> (artifact id: 'ceb46d5a40f07c3a69baba846c230989') in 0.043236 seconds 
  Import took 0.111055 seconds .

========================================================================
Received Import Request.
  Time since last request: 11.357054 seconds.
  path: Assets/UI/Shop Window.prefab
  artifactKey: Guid(5603ae8d735823a4f92b6221af1f42e7) Importer(815301076,1909f56bfc062723c751e8b465ee728b)
Start importing Assets/UI/Shop Window.prefab using Guid(5603ae8d735823a4f92b6221af1f42e7) Importer(815301076,1909f56bfc062723c751e8b465ee728b)  -> (artifact id: 'd61f1bf6a58f8ba706e9c735f2005628') in 0.040636 seconds 
  Import took 0.072154 seconds .

========================================================================
Received Import Request.
  Time since last request: 5.496513 seconds.
  path: Assets/UI/Shop Window.prefab
  artifactKey: Guid(5603ae8d735823a4f92b6221af1f42e7) Importer(815301076,1909f56bfc062723c751e8b465ee728b)
Start importing Assets/UI/Shop Window.prefab using Guid(5603ae8d735823a4f92b6221af1f42e7) Importer(815301076,1909f56bfc062723c751e8b465ee728b)  -> (artifact id: '56281594f1755a88c9d1b8388331376a') in 0.047477 seconds 
  Import took 0.077046 seconds .

========================================================================
Received Import Request.
  Time since last request: 6.650631 seconds.
  path: Assets/UI/Shop Window.prefab
  artifactKey: Guid(5603ae8d735823a4f92b6221af1f42e7) Importer(815301076,1909f56bfc062723c751e8b465ee728b)
Start importing Assets/UI/Shop Window.prefab using Guid(5603ae8d735823a4f92b6221af1f42e7) Importer(815301076,1909f56bfc062723c751e8b465ee728b)  -> (artifact id: 'e0c8439aaa36325ddb82079e4af8147a') in 0.038840 seconds 
  Import took 0.109114 seconds .

========================================================================
Received Prepare
Registering precompiled user dll's ...
Registered in 0.020469 seconds.
Begin MonoManager ReloadAssembly
Native extension for WindowsStandalone target not found
Refreshing native plugins compatible for Editor in 1.53 ms, found 2 plugins.
Preloading 0 native plugins for Editor in 0.00 ms.
Mono: successfully reloaded assembly
- Completed reload, in  2.417 seconds
Domain Reload Profiling:
	ReloadAssembly (2418ms)
		BeginReloadAssembly (198ms)
			ExecutionOrderSort (0ms)
			DisableScriptedObjects (7ms)
			BackupInstance (0ms)
			ReleaseScriptingObjects (0ms)
			CreateAndSetChildDomain (70ms)
		EndReloadAssembly (2110ms)
			LoadAssemblies (215ms)
			RebuildTransferFunctionScriptingTraits (0ms)
			SetupTypeCache (551ms)
			ReleaseScriptCaches (3ms)
			RebuildScriptCaches (106ms)
			SetupLoadedEditorAssemblies (865ms)
				LogAssemblyErrors (0ms)
				InitializePlatformSupportModulesInManaged (9ms)
				SetLoadedEditorAssemblies (1ms)
				RefreshPlugins (2ms)
				BeforeProcessingInitializeOnLoad (231ms)
				ProcessInitializeOnLoadAttributes (540ms)
				ProcessInitializeOnLoadMethodAttributes (63ms)
				AfterProcessingInitializeOnLoad (19ms)
				EditorAssembliesLoaded (1ms)
			ExecutionOrderSort2 (0ms)
			AwakeInstancesAfterBackupRestoration (55ms)
Platform modules already initialized, skipping
Switching build target platform(19) subTarget(0) extendedPlatform(0) -> platform(13) subTarget(537395200) extendedPlatform(0)
Refreshing native plugins compatible for Editor in 1.61 ms, found 2 plugins.
Preloading 0 native plugins for Editor in 0.00 ms.
Unloading 3809 Unused Serialized files (Serialized files now loaded: 0)
System memory in use before: 159.2 MB.
System memory in use after: 159.4 MB.

Unloading 58 unused Assets to reduce memory usage. Loaded Objects now: 4432.
Total: 10.353400 ms (FindLiveObjects: 0.530100 ms CreateObjectMapping: 0.458900 ms MarkObjects: 9.298900 ms  DeleteObjects: 0.064200 ms)

AssetImportParameters requested are different than current active one (requested -> active):
  custom:framework-win-MediaFoundation: 216162199b28c13a410421893ffa2e32 -> 
  custom:video-decoder-ogg-theora: a1e56fd34408186e4bbccfd4996cb3dc -> 
  custom:container-muxer-webm: aa71ff27fc2769a1b78a27578f13a17b -> 
  custom:container-demuxer-webm: 4f35f7cbe854078d1ac9338744f61a02 -> 
  custom:container-demuxer-ogg: 62fdf1f143b41e24485cea50d1cbac27 -> 
  custom:video-encoder-webm-vp8: eb34c28f22e8b96e1ab97ce403110664 -> 
  custom:video-codec-MediaFoundation-h265: 746d11721c4dcdbdad8f713fa42b33f4 -> 
  custom:video-decoder-webm-vp8: 9c59270c3fd7afecdb556c50c9e8de78 -> 
  custom:graphics/normal-map-encoding: 01000000000000000000000000000000 -> 02000000000000000000000000000000
  custom:audio-decoder-ogg-vorbis: bf7c407c2cedff20999df2af8eb42d56 -> 
  custom:audio-encoder-webm-vorbis: bf7c407c2cedff20999df2af8eb42d56 -> 
========================================================================
Received Prepare
Registering precompiled user dll's ...
Registered in 0.019738 seconds.
Begin MonoManager ReloadAssembly
Native extension for WindowsStandalone target not found
Refreshing native plugins compatible for Editor in 1.64 ms, found 2 plugins.
Preloading 0 native plugins for Editor in 0.00 ms.
Mono: successfully reloaded assembly
- Completed reload, in  2.467 seconds
Domain Reload Profiling:
	ReloadAssembly (2468ms)
		BeginReloadAssembly (193ms)
			ExecutionOrderSort (0ms)
			DisableScriptedObjects (8ms)
			BackupInstance (0ms)
			ReleaseScriptingObjects (0ms)
			CreateAndSetChildDomain (62ms)
		EndReloadAssembly (2164ms)
			LoadAssemblies (199ms)
			RebuildTransferFunctionScriptingTraits (0ms)
			SetupTypeCache (577ms)
			ReleaseScriptCaches (3ms)
			RebuildScriptCaches (110ms)
			SetupLoadedEditorAssemblies (864ms)
				LogAssemblyErrors (0ms)
				InitializePlatformSupportModulesInManaged (9ms)
				SetLoadedEditorAssemblies (1ms)
				RefreshPlugins (2ms)
				BeforeProcessingInitializeOnLoad (227ms)
				ProcessInitializeOnLoadAttributes (541ms)
				ProcessInitializeOnLoadMethodAttributes (65ms)
				AfterProcessingInitializeOnLoad (18ms)
				EditorAssembliesLoaded (1ms)
			ExecutionOrderSort2 (0ms)
			AwakeInstancesAfterBackupRestoration (57ms)
Platform modules already initialized, skipping
Switching build target platform(19) subTarget(0) extendedPlatform(0) -> platform(13) subTarget(537395200) extendedPlatform(0)
Refreshing native plugins compatible for Editor in 1.58 ms, found 2 plugins.
Preloading 0 native plugins for Editor in 0.00 ms.
Unloading 3809 Unused Serialized files (Serialized files now loaded: 0)
System memory in use before: 159.2 MB.
System memory in use after: 159.4 MB.

Unloading 55 unused Assets to reduce memory usage. Loaded Objects now: 4434.
Total: 14.259100 ms (FindLiveObjects: 0.628300 ms CreateObjectMapping: 0.505000 ms MarkObjects: 13.065300 ms  DeleteObjects: 0.058100 ms)

AssetImportParameters requested are different than current active one (requested -> active):
  custom:framework-win-MediaFoundation: 216162199b28c13a410421893ffa2e32 -> 
  custom:video-decoder-ogg-theora: a1e56fd34408186e4bbccfd4996cb3dc -> 
  custom:container-muxer-webm: aa71ff27fc2769a1b78a27578f13a17b -> 
  custom:container-demuxer-webm: 4f35f7cbe854078d1ac9338744f61a02 -> 
  custom:container-demuxer-ogg: 62fdf1f143b41e24485cea50d1cbac27 -> 
  custom:video-encoder-webm-vp8: eb34c28f22e8b96e1ab97ce403110664 -> 
  custom:video-codec-MediaFoundation-h265: 746d11721c4dcdbdad8f713fa42b33f4 -> 
  custom:video-decoder-webm-vp8: 9c59270c3fd7afecdb556c50c9e8de78 -> 
  custom:graphics/normal-map-encoding: 01000000000000000000000000000000 -> 02000000000000000000000000000000
  custom:audio-decoder-ogg-vorbis: bf7c407c2cedff20999df2af8eb42d56 -> 
  custom:audio-encoder-webm-vorbis: bf7c407c2cedff20999df2af8eb42d56 -> 
========================================================================
Received Prepare
Registering precompiled user dll's ...
Registered in 0.025039 seconds.
Begin MonoManager ReloadAssembly
Native extension for WindowsStandalone target not found
Refreshing native plugins compatible for Editor in 1.61 ms, found 2 plugins.
Preloading 0 native plugins for Editor in 0.00 ms.
Mono: successfully reloaded assembly
- Completed reload, in  2.436 seconds
Domain Reload Profiling:
	ReloadAssembly (2436ms)
		BeginReloadAssembly (217ms)
			ExecutionOrderSort (0ms)
			DisableScriptedObjects (8ms)
			BackupInstance (0ms)
			ReleaseScriptingObjects (0ms)
			CreateAndSetChildDomain (69ms)
		EndReloadAssembly (2109ms)
			LoadAssemblies (204ms)
			RebuildTransferFunctionScriptingTraits (0ms)
			SetupTypeCache (550ms)
			ReleaseScriptCaches (3ms)
			RebuildScriptCaches (109ms)
			SetupLoadedEditorAssemblies (843ms)
				LogAssemblyErrors (0ms)
				InitializePlatformSupportModulesInManaged (9ms)
				SetLoadedEditorAssemblies (1ms)
				RefreshPlugins (2ms)
				BeforeProcessingInitializeOnLoad (222ms)
				ProcessInitializeOnLoadAttributes (530ms)
				ProcessInitializeOnLoadMethodAttributes (61ms)
				AfterProcessingInitializeOnLoad (17ms)
				EditorAssembliesLoaded (1ms)
			ExecutionOrderSort2 (0ms)
			AwakeInstancesAfterBackupRestoration (56ms)
Platform modules already initialized, skipping
Switching build target platform(19) subTarget(0) extendedPlatform(0) -> platform(13) subTarget(537395200) extendedPlatform(0)
Refreshing native plugins compatible for Editor in 1.60 ms, found 2 plugins.
Preloading 0 native plugins for Editor in 0.00 ms.
Unloading 3809 Unused Serialized files (Serialized files now loaded: 0)
System memory in use before: 159.2 MB.
System memory in use after: 159.4 MB.

Unloading 55 unused Assets to reduce memory usage. Loaded Objects now: 4436.
Total: 10.500000 ms (FindLiveObjects: 0.533100 ms CreateObjectMapping: 0.456400 ms MarkObjects: 9.457400 ms  DeleteObjects: 0.051500 ms)

AssetImportParameters requested are different than current active one (requested -> active):
  custom:framework-win-MediaFoundation: 216162199b28c13a410421893ffa2e32 -> 
  custom:video-decoder-ogg-theora: a1e56fd34408186e4bbccfd4996cb3dc -> 
  custom:container-muxer-webm: aa71ff27fc2769a1b78a27578f13a17b -> 
  custom:container-demuxer-webm: 4f35f7cbe854078d1ac9338744f61a02 -> 
  custom:container-demuxer-ogg: 62fdf1f143b41e24485cea50d1cbac27 -> 
  custom:video-encoder-webm-vp8: eb34c28f22e8b96e1ab97ce403110664 -> 
  custom:video-codec-MediaFoundation-h265: 746d11721c4dcdbdad8f713fa42b33f4 -> 
  custom:video-decoder-webm-vp8: 9c59270c3fd7afecdb556c50c9e8de78 -> 
  custom:graphics/normal-map-encoding: 01000000000000000000000000000000 -> 02000000000000000000000000000000
  custom:audio-decoder-ogg-vorbis: bf7c407c2cedff20999df2af8eb42d56 -> 
  custom:audio-encoder-webm-vorbis: bf7c407c2cedff20999df2af8eb42d56 -> 
========================================================================
Received Prepare
Registering precompiled user dll's ...
Registered in 0.027101 seconds.
Begin MonoManager ReloadAssembly
Native extension for WindowsStandalone target not found
Refreshing native plugins compatible for Editor in 1.55 ms, found 2 plugins.
Preloading 0 native plugins for Editor in 0.00 ms.
Mono: successfully reloaded assembly
- Completed reload, in  2.496 seconds
Domain Reload Profiling:
	ReloadAssembly (2497ms)
		BeginReloadAssembly (204ms)
			ExecutionOrderSort (0ms)
			DisableScriptedObjects (7ms)
			BackupInstance (0ms)
			ReleaseScriptingObjects (0ms)
			CreateAndSetChildDomain (63ms)
		EndReloadAssembly (2180ms)
			LoadAssemblies (234ms)
			RebuildTransferFunctionScriptingTraits (0ms)
			SetupTypeCache (565ms)
			ReleaseScriptCaches (3ms)
			RebuildScriptCaches (116ms)
			SetupLoadedEditorAssemblies (835ms)
				LogAssemblyErrors (0ms)
				InitializePlatformSupportModulesInManaged (9ms)
				SetLoadedEditorAssemblies (1ms)
				RefreshPlugins (2ms)
				BeforeProcessingInitializeOnLoad (215ms)
				ProcessInitializeOnLoadAttributes (529ms)
				ProcessInitializeOnLoadMethodAttributes (61ms)
				AfterProcessingInitializeOnLoad (17ms)
				EditorAssembliesLoaded (1ms)
			ExecutionOrderSort2 (0ms)
			AwakeInstancesAfterBackupRestoration (53ms)
Platform modules already initialized, skipping
Switching build target platform(19) subTarget(0) extendedPlatform(0) -> platform(13) subTarget(537395200) extendedPlatform(0)
Refreshing native plugins compatible for Editor in 1.62 ms, found 2 plugins.
Preloading 0 native plugins for Editor in 0.00 ms.
Unloading 3809 Unused Serialized files (Serialized files now loaded: 0)
System memory in use before: 159.2 MB.
System memory in use after: 159.4 MB.

Unloading 55 unused Assets to reduce memory usage. Loaded Objects now: 4438.
Total: 16.232200 ms (FindLiveObjects: 0.564100 ms CreateObjectMapping: 0.484800 ms MarkObjects: 15.132100 ms  DeleteObjects: 0.049500 ms)

AssetImportParameters requested are different than current active one (requested -> active):
  custom:framework-win-MediaFoundation: 216162199b28c13a410421893ffa2e32 -> 
  custom:video-decoder-ogg-theora: a1e56fd34408186e4bbccfd4996cb3dc -> 
  custom:container-muxer-webm: aa71ff27fc2769a1b78a27578f13a17b -> 
  custom:container-demuxer-webm: 4f35f7cbe854078d1ac9338744f61a02 -> 
  custom:container-demuxer-ogg: 62fdf1f143b41e24485cea50d1cbac27 -> 
  custom:video-encoder-webm-vp8: eb34c28f22e8b96e1ab97ce403110664 -> 
  custom:video-codec-MediaFoundation-h265: 746d11721c4dcdbdad8f713fa42b33f4 -> 
  custom:video-decoder-webm-vp8: 9c59270c3fd7afecdb556c50c9e8de78 -> 
  custom:graphics/normal-map-encoding: 01000000000000000000000000000000 -> 02000000000000000000000000000000
  custom:audio-decoder-ogg-vorbis: bf7c407c2cedff20999df2af8eb42d56 -> 
  custom:audio-encoder-webm-vorbis: bf7c407c2cedff20999df2af8eb42d56 -> 
========================================================================
Received Prepare
Registering precompiled user dll's ...
Registered in 0.022661 seconds.
Begin MonoManager ReloadAssembly
Native extension for WindowsStandalone target not found
Refreshing native plugins compatible for Editor in 1.54 ms, found 2 plugins.
Preloading 0 native plugins for Editor in 0.00 ms.
Mono: successfully reloaded assembly
- Completed reload, in  2.484 seconds
Domain Reload Profiling:
	ReloadAssembly (2485ms)
		BeginReloadAssembly (206ms)
			ExecutionOrderSort (0ms)
			DisableScriptedObjects (7ms)
			BackupInstance (0ms)
			ReleaseScriptingObjects (0ms)
			CreateAndSetChildDomain (70ms)
		EndReloadAssembly (2166ms)
			LoadAssemblies (205ms)
			RebuildTransferFunctionScriptingTraits (0ms)
			SetupTypeCache (553ms)
			ReleaseScriptCaches (3ms)
			RebuildScriptCaches (110ms)
			SetupLoadedEditorAssemblies (851ms)
				LogAssemblyErrors (0ms)
				InitializePlatformSupportModulesInManaged (9ms)
				SetLoadedEditorAssemblies (1ms)
				RefreshPlugins (2ms)
				BeforeProcessingInitializeOnLoad (218ms)
				ProcessInitializeOnLoadAttributes (538ms)
				ProcessInitializeOnLoadMethodAttributes (67ms)
				AfterProcessingInitializeOnLoad (17ms)
				EditorAssembliesLoaded (1ms)
			ExecutionOrderSort2 (0ms)
			AwakeInstancesAfterBackupRestoration (55ms)
Platform modules already initialized, skipping
Switching build target platform(19) subTarget(0) extendedPlatform(0) -> platform(13) subTarget(537395200) extendedPlatform(0)
Refreshing native plugins compatible for Editor in 1.88 ms, found 2 plugins.
Preloading 0 native plugins for Editor in 0.00 ms.
Unloading 3809 Unused Serialized files (Serialized files now loaded: 0)
System memory in use before: 159.2 MB.
System memory in use after: 159.4 MB.

Unloading 55 unused Assets to reduce memory usage. Loaded Objects now: 4440.
Total: 11.334200 ms (FindLiveObjects: 0.415100 ms CreateObjectMapping: 0.238000 ms MarkObjects: 10.625700 ms  DeleteObjects: 0.053300 ms)

AssetImportParameters requested are different than current active one (requested -> active):
  custom:framework-win-MediaFoundation: 216162199b28c13a410421893ffa2e32 -> 
  custom:video-decoder-ogg-theora: a1e56fd34408186e4bbccfd4996cb3dc -> 
  custom:container-muxer-webm: aa71ff27fc2769a1b78a27578f13a17b -> 
  custom:container-demuxer-webm: 4f35f7cbe854078d1ac9338744f61a02 -> 
  custom:container-demuxer-ogg: 62fdf1f143b41e24485cea50d1cbac27 -> 
  custom:video-encoder-webm-vp8: eb34c28f22e8b96e1ab97ce403110664 -> 
  custom:video-codec-MediaFoundation-h265: 746d11721c4dcdbdad8f713fa42b33f4 -> 
  custom:video-decoder-webm-vp8: 9c59270c3fd7afecdb556c50c9e8de78 -> 
  custom:graphics/normal-map-encoding: 01000000000000000000000000000000 -> 02000000000000000000000000000000
  custom:audio-decoder-ogg-vorbis: bf7c407c2cedff20999df2af8eb42d56 -> 
  custom:audio-encoder-webm-vorbis: bf7c407c2cedff20999df2af8eb42d56 -> 
========================================================================
Received Prepare
Registering precompiled user dll's ...
Registered in 0.013883 seconds.
Begin MonoManager ReloadAssembly
Native extension for WindowsStandalone target not found
Refreshing native plugins compatible for Editor in 1.42 ms, found 2 plugins.
Preloading 0 native plugins for Editor in 0.00 ms.
Mono: successfully reloaded assembly
- Completed reload, in  1.961 seconds
Domain Reload Profiling:
	ReloadAssembly (1962ms)
		BeginReloadAssembly (225ms)
			ExecutionOrderSort (0ms)
			DisableScriptedObjects (11ms)
			BackupInstance (0ms)
			ReleaseScriptingObjects (0ms)
			CreateAndSetChildDomain (95ms)
		EndReloadAssembly (1651ms)
			LoadAssemblies (165ms)
			RebuildTransferFunctionScriptingTraits (0ms)
			SetupTypeCache (427ms)
			ReleaseScriptCaches (3ms)
			RebuildScriptCaches (87ms)
			SetupLoadedEditorAssemblies (637ms)
				LogAssemblyErrors (0ms)
				InitializePlatformSupportModulesInManaged (7ms)
				SetLoadedEditorAssemblies (0ms)
				RefreshPlugins (2ms)
				BeforeProcessingInitializeOnLoad (165ms)
				ProcessInitializeOnLoadAttributes (402ms)
				ProcessInitializeOnLoadMethodAttributes (48ms)
				AfterProcessingInitializeOnLoad (13ms)
				EditorAssembliesLoaded (0ms)
			ExecutionOrderSort2 (0ms)
			AwakeInstancesAfterBackupRestoration (39ms)
Platform modules already initialized, skipping
Switching build target platform(19) subTarget(0) extendedPlatform(0) -> platform(13) subTarget(537395200) extendedPlatform(0)
Refreshing native plugins compatible for Editor in 1.58 ms, found 2 plugins.
Preloading 0 native plugins for Editor in 0.00 ms.
Unloading 3809 Unused Serialized files (Serialized files now loaded: 0)
System memory in use before: 159.2 MB.
System memory in use after: 159.4 MB.

Unloading 55 unused Assets to reduce memory usage. Loaded Objects now: 4442.
Total: 9.366700 ms (FindLiveObjects: 0.621600 ms CreateObjectMapping: 0.438400 ms MarkObjects: 8.253700 ms  DeleteObjects: 0.051200 ms)

AssetImportParameters requested are different than current active one (requested -> active):
  custom:framework-win-MediaFoundation: 216162199b28c13a410421893ffa2e32 -> 
  custom:video-decoder-ogg-theora: a1e56fd34408186e4bbccfd4996cb3dc -> 
  custom:container-muxer-webm: aa71ff27fc2769a1b78a27578f13a17b -> 
  custom:container-demuxer-webm: 4f35f7cbe854078d1ac9338744f61a02 -> 
  custom:container-demuxer-ogg: 62fdf1f143b41e24485cea50d1cbac27 -> 
  custom:video-encoder-webm-vp8: eb34c28f22e8b96e1ab97ce403110664 -> 
  custom:video-codec-MediaFoundation-h265: 746d11721c4dcdbdad8f713fa42b33f4 -> 
  custom:video-decoder-webm-vp8: 9c59270c3fd7afecdb556c50c9e8de78 -> 
  custom:graphics/normal-map-encoding: 01000000000000000000000000000000 -> 02000000000000000000000000000000
  custom:audio-decoder-ogg-vorbis: bf7c407c2cedff20999df2af8eb42d56 -> 
  custom:audio-encoder-webm-vorbis: bf7c407c2cedff20999df2af8eb42d56 -> 
========================================================================
Received Prepare
Registering precompiled user dll's ...
Registered in 0.012903 seconds.
Begin MonoManager ReloadAssembly
Native extension for WindowsStandalone target not found
Refreshing native plugins compatible for Editor in 1.38 ms, found 2 plugins.
Preloading 0 native plugins for Editor in 0.00 ms.
Mono: successfully reloaded assembly
- Completed reload, in  1.951 seconds
Domain Reload Profiling:
	ReloadAssembly (1951ms)
		BeginReloadAssembly (166ms)
			ExecutionOrderSort (0ms)
			DisableScriptedObjects (6ms)
			BackupInstance (0ms)
			ReleaseScriptingObjects (0ms)
			CreateAndSetChildDomain (55ms)
		EndReloadAssembly (1701ms)
			LoadAssemblies (162ms)
			RebuildTransferFunctionScriptingTraits (0ms)
			SetupTypeCache (425ms)
			ReleaseScriptCaches (3ms)
			RebuildScriptCaches (91ms)
			SetupLoadedEditorAssemblies (668ms)
				LogAssemblyErrors (0ms)
				InitializePlatformSupportModulesInManaged (7ms)
				SetLoadedEditorAssemblies (0ms)
				RefreshPlugins (1ms)
				BeforeProcessingInitializeOnLoad (174ms)
				ProcessInitializeOnLoadAttributes (423ms)
				ProcessInitializeOnLoadMethodAttributes (48ms)
				AfterProcessingInitializeOnLoad (13ms)
				EditorAssembliesLoaded (0ms)
			ExecutionOrderSort2 (0ms)
			AwakeInstancesAfterBackupRestoration (47ms)
Platform modules already initialized, skipping
Switching build target platform(19) subTarget(0) extendedPlatform(0) -> platform(13) subTarget(537395200) extendedPlatform(0)
Refreshing native plugins compatible for Editor in 2.15 ms, found 2 plugins.
Preloading 0 native plugins for Editor in 0.00 ms.
Unloading 3809 Unused Serialized files (Serialized files now loaded: 0)
System memory in use before: 159.2 MB.
System memory in use after: 159.5 MB.

Unloading 55 unused Assets to reduce memory usage. Loaded Objects now: 4444.
Total: 8.067200 ms (FindLiveObjects: 0.360400 ms CreateObjectMapping: 0.179800 ms MarkObjects: 7.485300 ms  DeleteObjects: 0.039900 ms)

AssetImportParameters requested are different than current active one (requested -> active):
  custom:framework-win-MediaFoundation: 216162199b28c13a410421893ffa2e32 -> 
  custom:video-decoder-ogg-theora: a1e56fd34408186e4bbccfd4996cb3dc -> 
  custom:container-muxer-webm: aa71ff27fc2769a1b78a27578f13a17b -> 
  custom:container-demuxer-webm: 4f35f7cbe854078d1ac9338744f61a02 -> 
  custom:container-demuxer-ogg: 62fdf1f143b41e24485cea50d1cbac27 -> 
  custom:video-encoder-webm-vp8: eb34c28f22e8b96e1ab97ce403110664 -> 
  custom:video-codec-MediaFoundation-h265: 746d11721c4dcdbdad8f713fa42b33f4 -> 
  custom:video-decoder-webm-vp8: 9c59270c3fd7afecdb556c50c9e8de78 -> 
  custom:graphics/normal-map-encoding: 01000000000000000000000000000000 -> 02000000000000000000000000000000
  custom:audio-decoder-ogg-vorbis: bf7c407c2cedff20999df2af8eb42d56 -> 
  custom:audio-encoder-webm-vorbis: bf7c407c2cedff20999df2af8eb42d56 -> 
========================================================================
Received Import Request.
  Time since last request: 4044.289897 seconds.
  path: Assets/UI/Shop Window.prefab
  artifactKey: Guid(5603ae8d735823a4f92b6221af1f42e7) Importer(815301076,1909f56bfc062723c751e8b465ee728b)
Start importing Assets/UI/Shop Window.prefab using Guid(5603ae8d735823a4f92b6221af1f42e7) Importer(815301076,1909f56bfc062723c751e8b465ee728b)  -> (artifact id: '42dc24d6d7cbfdceaa963f6b886dbf50') in 0.152342 seconds 
  Import took 0.179614 seconds .

========================================================================
Received Import Request.
  Time since last request: 2.908514 seconds.
  path: Assets/UI/Shop Window.prefab
  artifactKey: Guid(5603ae8d735823a4f92b6221af1f42e7) Importer(815301076,1909f56bfc062723c751e8b465ee728b)
Start importing Assets/UI/Shop Window.prefab using Guid(5603ae8d735823a4f92b6221af1f42e7) Importer(815301076,1909f56bfc062723c751e8b465ee728b)  -> (artifact id: 'd74add352ca4488fd5cdf9033adcb1d7') in 0.041954 seconds 
  Import took 0.074275 seconds .

========================================================================
Received Import Request.
  Time since last request: 5.996220 seconds.
  path: Assets/UI/Shop Window.prefab
  artifactKey: Guid(5603ae8d735823a4f92b6221af1f42e7) Importer(815301076,1909f56bfc062723c751e8b465ee728b)
Start importing Assets/UI/Shop Window.prefab using Guid(5603ae8d735823a4f92b6221af1f42e7) Importer(815301076,1909f56bfc062723c751e8b465ee728b)  -> (artifact id: '8c48d9b83c2e5b4f29d7c3d6f31d676a') in 0.040070 seconds 
  Import took 0.088363 seconds .

========================================================================
Received Import Request.
  Time since last request: 0.927161 seconds.
  path: Assets/UI/Shop Window.prefab
  artifactKey: Guid(5603ae8d735823a4f92b6221af1f42e7) Importer(815301076,1909f56bfc062723c751e8b465ee728b)
Start importing Assets/UI/Shop Window.prefab using Guid(5603ae8d735823a4f92b6221af1f42e7) Importer(815301076,1909f56bfc062723c751e8b465ee728b)  -> (artifact id: 'b98ec7a4ec05bf0ada80fefa2cc4cceb') in 0.042337 seconds 
  Import took 0.078235 seconds .

========================================================================
Received Import Request.
  Time since last request: 16.358421 seconds.
  path: Assets/UI/Shop Window.prefab
  artifactKey: Guid(5603ae8d735823a4f92b6221af1f42e7) Importer(815301076,1909f56bfc062723c751e8b465ee728b)
Start importing Assets/UI/Shop Window.prefab using Guid(5603ae8d735823a4f92b6221af1f42e7) Importer(815301076,1909f56bfc062723c751e8b465ee728b)  -> (artifact id: '5ac582bd33472e194dc4f152e2d2ec8d') in 0.036560 seconds 
  Import took 0.068489 seconds .

========================================================================
Received Import Request.
  Time since last request: 5.827032 seconds.
  path: Assets/UI/Shop Window.prefab
  artifactKey: Guid(5603ae8d735823a4f92b6221af1f42e7) Importer(815301076,1909f56bfc062723c751e8b465ee728b)
Start importing Assets/UI/Shop Window.prefab using Guid(5603ae8d735823a4f92b6221af1f42e7) Importer(815301076,1909f56bfc062723c751e8b465ee728b)  -> (artifact id: '4e2298af113f75b188e1e3e13885e52f') in 0.039384 seconds 
  Import took 0.056769 seconds .

========================================================================
Received Import Request.
  Time since last request: 3.187480 seconds.
  path: Assets/UI/Shop Window.prefab
  artifactKey: Guid(5603ae8d735823a4f92b6221af1f42e7) Importer(815301076,1909f56bfc062723c751e8b465ee728b)
Start importing Assets/UI/Shop Window.prefab using Guid(5603ae8d735823a4f92b6221af1f42e7) Importer(815301076,1909f56bfc062723c751e8b465ee728b)  -> (artifact id: '29598b117b00a0e01c73ceccbdec251c') in 0.039614 seconds 
  Import took 0.057797 seconds .

========================================================================
Received Import Request.
  Time since last request: 1.412783 seconds.
  path: Assets/UI/Shop Window.prefab
  artifactKey: Guid(5603ae8d735823a4f92b6221af1f42e7) Importer(815301076,1909f56bfc062723c751e8b465ee728b)
Start importing Assets/UI/Shop Window.prefab using Guid(5603ae8d735823a4f92b6221af1f42e7) Importer(815301076,1909f56bfc062723c751e8b465ee728b)  -> (artifact id: '21ea926f1d0b9d7434e226df72e8bb1c') in 0.037327 seconds 
  Import took 0.061568 seconds .

========================================================================
Received Import Request.
  Time since last request: 3.516947 seconds.
  path: Assets/UI/Shop Window.prefab
  artifactKey: Guid(5603ae8d735823a4f92b6221af1f42e7) Importer(815301076,1909f56bfc062723c751e8b465ee728b)
Start importing Assets/UI/Shop Window.prefab using Guid(5603ae8d735823a4f92b6221af1f42e7) Importer(815301076,1909f56bfc062723c751e8b465ee728b)  -> (artifact id: '753f4081226ab9819eae9d0abf1fe906') in 0.043713 seconds 
  Import took 0.095525 seconds .

========================================================================
Received Import Request.
  Time since last request: 13.846012 seconds.
  path: Assets/UI/Shop Window.prefab
  artifactKey: Guid(5603ae8d735823a4f92b6221af1f42e7) Importer(815301076,1909f56bfc062723c751e8b465ee728b)
Start importing Assets/UI/Shop Window.prefab using Guid(5603ae8d735823a4f92b6221af1f42e7) Importer(815301076,1909f56bfc062723c751e8b465ee728b)  -> (artifact id: '5837655d8cc0a13e37507debabb028ba') in 0.038415 seconds 
  Import took 0.065614 seconds .

========================================================================
Received Import Request.
  Time since last request: 7.398854 seconds.
  path: Assets/UI/Shop Window.prefab
  artifactKey: Guid(5603ae8d735823a4f92b6221af1f42e7) Importer(815301076,1909f56bfc062723c751e8b465ee728b)
Start importing Assets/UI/Shop Window.prefab using Guid(5603ae8d735823a4f92b6221af1f42e7) Importer(815301076,1909f56bfc062723c751e8b465ee728b)  -> (artifact id: '04a0d9f768984747d7489e47d1992cac') in 0.035757 seconds 
  Import took 0.052441 seconds .

========================================================================
Received Import Request.
  Time since last request: 6.075195 seconds.
  path: Assets/UI/Shop Window.prefab
  artifactKey: Guid(5603ae8d735823a4f92b6221af1f42e7) Importer(815301076,1909f56bfc062723c751e8b465ee728b)
Start importing Assets/UI/Shop Window.prefab using Guid(5603ae8d735823a4f92b6221af1f42e7) Importer(815301076,1909f56bfc062723c751e8b465ee728b)  -> (artifact id: '6c0f5d40d7c30fbbf3bcc4f45862a114') in 0.037473 seconds 
  Import took 0.064462 seconds .

========================================================================
Received Import Request.
  Time since last request: 8.436763 seconds.
  path: Assets/UI/Shop Window.prefab
  artifactKey: Guid(5603ae8d735823a4f92b6221af1f42e7) Importer(815301076,1909f56bfc062723c751e8b465ee728b)
Start importing Assets/UI/Shop Window.prefab using Guid(5603ae8d735823a4f92b6221af1f42e7) Importer(815301076,1909f56bfc062723c751e8b465ee728b)  -> (artifact id: 'dc0f605bfd685ee5512aa846cdb2263b') in 0.038704 seconds 
  Import took 0.075351 seconds .

========================================================================
Received Import Request.
  Time since last request: 5.572595 seconds.
  path: Assets/UI/Shop Window.prefab
  artifactKey: Guid(5603ae8d735823a4f92b6221af1f42e7) Importer(815301076,1909f56bfc062723c751e8b465ee728b)
Start importing Assets/UI/Shop Window.prefab using Guid(5603ae8d735823a4f92b6221af1f42e7) Importer(815301076,1909f56bfc062723c751e8b465ee728b)  -> (artifact id: '80333e9a8ad1100af1918ec2d8a03d6c') in 0.038581 seconds 
  Import took 0.085033 seconds .

========================================================================
Received Import Request.
  Time since last request: 7.619008 seconds.
  path: Assets/UI/Shop Window.prefab
  artifactKey: Guid(5603ae8d735823a4f92b6221af1f42e7) Importer(815301076,1909f56bfc062723c751e8b465ee728b)
Start importing Assets/UI/Shop Window.prefab using Guid(5603ae8d735823a4f92b6221af1f42e7) Importer(815301076,1909f56bfc062723c751e8b465ee728b)  -> (artifact id: 'dbf753ac3a3d1c7ab004a8ffa8e1abb9') in 0.038518 seconds 
  Import took 0.063162 seconds .

========================================================================
Received Import Request.
  Time since last request: 21.924212 seconds.
  path: Assets/UI/Shop Window.prefab
  artifactKey: Guid(5603ae8d735823a4f92b6221af1f42e7) Importer(815301076,1909f56bfc062723c751e8b465ee728b)
Start importing Assets/UI/Shop Window.prefab using Guid(5603ae8d735823a4f92b6221af1f42e7) Importer(815301076,1909f56bfc062723c751e8b465ee728b)  -> (artifact id: 'af925ce5c6c4a1280ff9a06bbe9264f3') in 0.036480 seconds 
  Import took 0.060330 seconds .

========================================================================
Received Import Request.
  Time since last request: 154.076333 seconds.
  path: Assets/Scenes/DecisionMaterSetupScene.unity
  artifactKey: Guid(4702850a8d58e4e45b551fd2fc8c6d9c) Importer(815301076,1909f56bfc062723c751e8b465ee728b)
Start importing Assets/Scenes/DecisionMaterSetupScene.unity using Guid(4702850a8d58e4e45b551fd2fc8c6d9c) Importer(815301076,1909f56bfc062723c751e8b465ee728b)  -> (artifact id: '7b5352968531a57c163a39b957d4b081') in 0.009499 seconds 
  Import took 0.066964 seconds .

========================================================================
Received Import Request.
  Time since last request: 2282.974872 seconds.
  path: Assets/Scripts/Tweens/SideBarTween.cs
  artifactKey: Guid(9949621ba6f7d2541943533607a49bb0) Importer(815301076,1909f56bfc062723c751e8b465ee728b)
Start importing Assets/Scripts/Tweens/SideBarTween.cs using Guid(9949621ba6f7d2541943533607a49bb0) Importer(815301076,1909f56bfc062723c751e8b465ee728b)  -> (artifact id: '4c6101934d50376fbf59d200d67aeb0e') in 0.026662 seconds 
  Import took 0.344172 seconds .

========================================================================
Received Import Request.
  Time since last request: 674.728669 seconds.
  path: Assets/Scenes/Main.unity
  artifactKey: Guid(3051d0bb43cbf574a845e91a096e677d) Importer(815301076,1909f56bfc062723c751e8b465ee728b)
Start importing Assets/Scenes/Main.unity using Guid(3051d0bb43cbf574a845e91a096e677d) Importer(815301076,1909f56bfc062723c751e8b465ee728b)  -> (artifact id: '71c8457fdb63ce27957a67fa76b5000b') in 0.011905 seconds 
  Import took 0.077064 seconds .

========================================================================
Received Import Request.
  Time since last request: 98.264472 seconds.
  path: Assets/Scenes/IntroScene.unity
  artifactKey: Guid(66ee0de336ec1fa44aca6a2ef7b923a6) Importer(815301076,1909f56bfc062723c751e8b465ee728b)
Start importing Assets/Scenes/IntroScene.unity using Guid(66ee0de336ec1fa44aca6a2ef7b923a6) Importer(815301076,1909f56bfc062723c751e8b465ee728b)  -> (artifact id: 'c2afe2dd0a6fe067c5c4ef6905c2a00c') in 0.004981 seconds 
  Import took 0.058993 seconds .

========================================================================
Received Prepare
Refreshing native plugins compatible for Editor in 74.04 ms, found 2 plugins.
Preloading 0 native plugins for Editor in 0.00 ms.
Unloading 54 Unused Serialized files (Serialized files now loaded: 0)
System memory in use before: 86.9 MB.
System memory in use after: 87.2 MB.

Unloading 56 unused Assets to reduce memory usage. Loaded Objects now: 4446.
Total: 143.027600 ms (FindLiveObjects: 0.389800 ms CreateObjectMapping: 0.187300 ms MarkObjects: 142.200500 ms  DeleteObjects: 0.248600 ms)

AssetImportParameters requested are different than current active one (requested -> active):
  custom:framework-win-MediaFoundation: 216162199b28c13a410421893ffa2e32 -> 
  custom:video-decoder-ogg-theora: a1e56fd34408186e4bbccfd4996cb3dc -> 
  custom:container-muxer-webm: aa71ff27fc2769a1b78a27578f13a17b -> 
  custom:container-demuxer-webm: 4f35f7cbe854078d1ac9338744f61a02 -> 
  custom:container-demuxer-ogg: 62fdf1f143b41e24485cea50d1cbac27 -> 
  custom:video-encoder-webm-vp8: eb34c28f22e8b96e1ab97ce403110664 -> 
  custom:video-codec-MediaFoundation-h265: 746d11721c4dcdbdad8f713fa42b33f4 -> 
  custom:video-decoder-webm-vp8: 9c59270c3fd7afecdb556c50c9e8de78 -> 
  custom:audio-decoder-ogg-vorbis: bf7c407c2cedff20999df2af8eb42d56 -> 
  custom:audio-encoder-webm-vorbis: bf7c407c2cedff20999df2af8eb42d56 -> 
AssetImportWorkerClient::OnTransportError - code=2 error=End of file
